0.6246056782334385 0.3753943217665615
{0: 9, 1: 36, 2: 30, 3: 48, 4: 51, 5: 25, 6: 53, 7: 17, 8: 16, 9: 33, 10: 28, 11: 30, 12: 43, 13: 2, 14: 38, 15: 28, 16: 33, 17: 29, 18: 18, 19: 50, 20: 21, 21: 54}
Iteration  0 :
neighborhood: 24
neighborhood: 25
neighborhood: 26
neighborhood: 32
neighborhood: 34
neighborhood: 40
neighborhood: 41
neighborhood: 42
reward in this iteration is  992.3091482649843
This iteration costs  13.432498808701833 mins
Iteration  1 :
neighborhood: 8
neighborhood: 9
neighborhood: 10
neighborhood: 16
neighborhood: 18
neighborhood: 24
neighborhood: 25
neighborhood: 26
reward in this iteration is  1022.2082018927445
This iteration costs  12.947182301680247 mins
Iteration  2 :
neighborhood: 8
neighborhood: 9
neighborhood: 17
neighborhood: 24
neighborhood: 25
reward in this iteration is  1006.0599369085173
This iteration costs  9.046941097577413 mins
Iteration  3 :
neighborhood: 20
neighborhood: 21
neighborhood: 22
neighborhood: 28
neighborhood: 30
neighborhood: 36
neighborhood: 37
neighborhood: 38
reward in this iteration is  1017.4258675078864
This iteration costs  14.870460116863251 mins
Iteration  4 :
neighborhood: 24
neighborhood: 25
neighborhood: 26
neighborhood: 32
neighborhood: 34
neighborhood: 40
neighborhood: 41
neighborhood: 42
reward in this iteration is  1020.3028391167193
This iteration costs  15.366139845053356 mins
Iteration  5 :
neighborhood: 9
neighborhood: 10
neighborhood: 11
neighborhood: 17
neighborhood: 19
neighborhood: 25
neighborhood: 26
neighborhood: 27
reward in this iteration is  1026.1766561514196
This iteration costs  15.446468687057495 mins
Iteration  6 :
neighborhood: 1
neighborhood: 3
neighborhood: 9
neighborhood: 10
neighborhood: 11
reward in this iteration is  1005.2712933753944
This iteration costs  9.718158447742463 mins
Iteration  7 :
neighborhood: 0
neighborhood: 2
neighborhood: 8
neighborhood: 9
neighborhood: 10
reward in this iteration is  1006.2807570977918
This iteration costs  9.717242467403413 mins
Iteration  8 :
neighborhood: 17
neighborhood: 18
neighborhood: 19
neighborhood: 25
neighborhood: 27
neighborhood: 33
neighborhood: 34
neighborhood: 35
reward in this iteration is  1002.6529968454258
This iteration costs  15.535470759868621 mins
Iteration  9 :
neighborhood: 21
neighborhood: 22
neighborhood: 23
neighborhood: 29
neighborhood: 31
neighborhood: 37
neighborhood: 38
neighborhood: 39
reward in this iteration is  1032.5110410094637
This iteration costs  15.642995198567709 mins
write result
Iteration  10 :
neighborhood: 32
neighborhood: 33
neighborhood: 41
neighborhood: 48
neighborhood: 49
reward in this iteration is  1031.763406940063
This iteration costs  9.772629324595133 mins
Iteration  11 :
neighborhood: 12
neighborhood: 13
neighborhood: 14
neighborhood: 20
neighborhood: 22
neighborhood: 28
neighborhood: 29
neighborhood: 30
reward in this iteration is  998.9022082018928
This iteration costs  16.093354197343192 mins
Iteration  12 :
neighborhood: 45
neighborhood: 46
neighborhood: 47
neighborhood: 53
neighborhood: 55
neighborhood: 61
neighborhood: 62
neighborhood: 63
reward in this iteration is  998.9022082018928
This iteration costs  16.13896276950836 mins
Iteration  13 :
neighborhood: 16
neighborhood: 17
neighborhood: 18
neighborhood: 24
neighborhood: 26
neighborhood: 32
neighborhood: 33
neighborhood: 34
reward in this iteration is  1004.5236593059938
This iteration costs  15.819821294148763 mins
Iteration  14 :
neighborhood: 0
neighborhood: 1
neighborhood: 2
neighborhood: 8
neighborhood: 10
neighborhood: 16
neighborhood: 17
neighborhood: 18
reward in this iteration is  1003.6529968454258
This iteration costs  15.666559322675068 mins
Iteration  15 :
neighborhood: 13
neighborhood: 14
neighborhood: 15
neighborhood: 21
neighborhood: 23
neighborhood: 29
neighborhood: 30
neighborhood: 31
reward in this iteration is  996.1577287066245
This iteration costs  15.440703547000885 mins
Iteration  16 :
neighborhood: 24
neighborhood: 25
neighborhood: 26
neighborhood: 32
neighborhood: 34
neighborhood: 40
neighborhood: 41
neighborhood: 42
reward in this iteration is  1001.6403785488959
This iteration costs  15.710418899854025 mins
Iteration  17 :
neighborhood: 0
neighborhood: 1
neighborhood: 2
neighborhood: 8
neighborhood: 10
neighborhood: 16
neighborhood: 17
neighborhood: 18
reward in this iteration is  1006.0126182965299
This iteration costs  15.41200441122055 mins
Iteration  18 :
neighborhood: 19
neighborhood: 20
neighborhood: 21
neighborhood: 27
neighborhood: 29
neighborhood: 35
neighborhood: 36
neighborhood: 37
reward in this iteration is  1011.0094637223974
This iteration costs  15.34793317715327 mins
Iteration  19 :
neighborhood: 16
neighborhood: 17
neighborhood: 18
neighborhood: 24
neighborhood: 26
neighborhood: 32
neighborhood: 33
neighborhood: 34
reward in this iteration is  1005.5268138801262
This iteration costs  15.126169375578563 mins
write result
Iteration  20 :
neighborhood: 21
neighborhood: 22
neighborhood: 23
neighborhood: 29
neighborhood: 31
neighborhood: 37
neighborhood: 38
neighborhood: 39
reward in this iteration is  1037.2681388012618
This iteration costs  15.235857824484507 mins
Iteration  21 :
neighborhood: 0
neighborhood: 1
neighborhood: 2
neighborhood: 8
neighborhood: 10
neighborhood: 16
neighborhood: 17
neighborhood: 18
reward in this iteration is  1034.2586750788644
This iteration costs  15.214412955443064 mins
Iteration  22 :
neighborhood: 34
neighborhood: 35
neighborhood: 36
neighborhood: 42
neighborhood: 44
neighborhood: 50
neighborhood: 51
neighborhood: 52
reward in this iteration is  1030.3690851735016
This iteration costs  15.034345916906993 mins
Iteration  23 :
neighborhood: 16
neighborhood: 17
neighborhood: 25
neighborhood: 32
neighborhood: 33
reward in this iteration is  1028.1261829652997
This iteration costs  6.1147177418073015 mins
Iteration  24 :
neighborhood: 27
neighborhood: 28
neighborhood: 29
neighborhood: 35
neighborhood: 37
neighborhood: 43
neighborhood: 44
neighborhood: 45
reward in this iteration is  1034.372239747634
This iteration costs  9.609366448720296 mins
Iteration  25 :
neighborhood: 6
neighborhood: 7
neighborhood: 14
neighborhood: 22
neighborhood: 23
reward in this iteration is  1036.864353312303
This iteration costs  5.970998020966848 mins
Iteration  26 :
neighborhood: 19
neighborhood: 20
neighborhood: 21
neighborhood: 27
neighborhood: 29
neighborhood: 35
neighborhood: 36
neighborhood: 37
reward in this iteration is  1045.8611987381703
This iteration costs  9.485689957936605 mins
Iteration  27 :
neighborhood: 44
neighborhood: 45
neighborhood: 46
neighborhood: 52
neighborhood: 54
neighborhood: 60
neighborhood: 61
neighborhood: 62
reward in this iteration is  817.7192429022082
This iteration costs  9.667695228258768 mins
Iteration  28 :
neighborhood: 29
neighborhood: 30
neighborhood: 31
neighborhood: 37
neighborhood: 39
neighborhood: 45
neighborhood: 46
neighborhood: 47
reward in this iteration is  827.0694006309149
This iteration costs  9.75520309607188 mins
Iteration  29 :
neighborhood: 27
neighborhood: 28
neighborhood: 29
neighborhood: 35
neighborhood: 37
neighborhood: 43
neighborhood: 44
neighborhood: 45
reward in this iteration is  846.8359621451104
This iteration costs  9.898296455542246 mins
write result
Iteration  30 :
neighborhood: 42
neighborhood: 43
neighborhood: 44
neighborhood: 50
neighborhood: 52
neighborhood: 58
neighborhood: 59
neighborhood: 60
reward in this iteration is  919.9242902208201
This iteration costs  9.421326371033986 mins
Iteration  31 :
neighborhood: 8
neighborhood: 9
neighborhood: 17
neighborhood: 24
neighborhood: 25
reward in this iteration is  881.378548895899
This iteration costs  6.368637629350027 mins
Iteration  32 :
neighborhood: 35
neighborhood: 36
neighborhood: 37
neighborhood: 43
neighborhood: 45
neighborhood: 51
neighborhood: 52
neighborhood: 53
reward in this iteration is  930.6845425867507
This iteration costs  10.1471227089564 mins
Iteration  33 :
neighborhood: 20
neighborhood: 21
neighborhood: 22
neighborhood: 28
neighborhood: 30
neighborhood: 36
neighborhood: 37
neighborhood: 38
reward in this iteration is  871.6435331230284
This iteration costs  10.062748384475707 mins
Iteration  34 :
neighborhood: 5
neighborhood: 6
neighborhood: 7
neighborhood: 13
neighborhood: 15
neighborhood: 21
neighborhood: 22
neighborhood: 23
reward in this iteration is  896.9179810725552
This iteration costs  10.18632522424062 mins
Iteration  35 :
neighborhood: 20
neighborhood: 21
neighborhood: 22
neighborhood: 28
neighborhood: 30
neighborhood: 36
neighborhood: 37
neighborhood: 38
reward in this iteration is  874.9369085173503
This iteration costs  10.076198609670003 mins
Iteration  36 :
neighborhood: 53
neighborhood: 54
neighborhood: 55
neighborhood: 61
neighborhood: 63
reward in this iteration is  880.6782334384859
This iteration costs  6.332595690091451 mins
Iteration  37 :
neighborhood: 1
neighborhood: 3
neighborhood: 9
neighborhood: 10
neighborhood: 11
reward in this iteration is  928.8264984227129
This iteration costs  6.264462761084238 mins
Iteration  38 :
neighborhood: 21
neighborhood: 22
neighborhood: 23
neighborhood: 29
neighborhood: 31
neighborhood: 37
neighborhood: 38
neighborhood: 39
reward in this iteration is  910.2586750788644
This iteration costs  10.034960202376048 mins
Iteration  39 :
neighborhood: 27
neighborhood: 28
neighborhood: 29
neighborhood: 35
neighborhood: 37
neighborhood: 43
neighborhood: 44
neighborhood: 45
reward in this iteration is  913.2555205047317
This iteration costs  9.760116350650787 mins
write result
Iteration  40 :
neighborhood: 24
neighborhood: 25
neighborhood: 26
neighborhood: 32
neighborhood: 34
neighborhood: 40
neighborhood: 41
neighborhood: 42
reward in this iteration is  950.5268138801262
This iteration costs  13.663823497295379 mins
Iteration  41 :
neighborhood: 9
neighborhood: 10
neighborhood: 11
neighborhood: 17
neighborhood: 19
neighborhood: 25
neighborhood: 26
neighborhood: 27
reward in this iteration is  931.3690851735016
This iteration costs  16.35542692740758 mins
Iteration  42 :
neighborhood: 21
neighborhood: 22
neighborhood: 23
neighborhood: 29
neighborhood: 31
neighborhood: 37
neighborhood: 38
neighborhood: 39
reward in this iteration is  942.378548895899
This iteration costs  16.40639801820119 mins
Iteration  43 :
neighborhood: 40
neighborhood: 41
neighborhood: 49
neighborhood: 56
neighborhood: 57
reward in this iteration is  865.8738170347003
This iteration costs  9.614202427864075 mins
Iteration  44 :
neighborhood: 12
neighborhood: 13
neighborhood: 14
neighborhood: 20
neighborhood: 22
neighborhood: 28
neighborhood: 29
neighborhood: 30
reward in this iteration is  819.4574132492114
This iteration costs  14.676076432069143 mins
Iteration  45 :
neighborhood: 27
neighborhood: 28
neighborhood: 29
neighborhood: 35
neighborhood: 37
neighborhood: 43
neighborhood: 44
neighborhood: 45
reward in this iteration is  816.3154574132492
This iteration costs  14.665739365418752 mins
Iteration  46 :
neighborhood: 41
neighborhood: 42
neighborhood: 43
neighborhood: 49
neighborhood: 51
neighborhood: 57
neighborhood: 58
neighborhood: 59
reward in this iteration is  810.9179810725552
This iteration costs  14.581039138635 mins
Iteration  47 :
neighborhood: 49
neighborhood: 50
neighborhood: 51
neighborhood: 57
neighborhood: 59
reward in this iteration is  813.4227129337539
This iteration costs  9.002441640694936 mins
Iteration  48 :
neighborhood: 44
neighborhood: 45
neighborhood: 46
neighborhood: 52
neighborhood: 54
neighborhood: 60
neighborhood: 61
neighborhood: 62
reward in this iteration is  804.6782334384858
This iteration costs  14.826513167222341 mins
Iteration  49 :
neighborhood: 24
neighborhood: 25
neighborhood: 26
neighborhood: 32
neighborhood: 34
neighborhood: 40
neighborhood: 41
neighborhood: 42
reward in this iteration is  773.0031545741325
This iteration costs  15.138541356722515 mins
write result
Iteration  50 :
neighborhood: 20
neighborhood: 21
neighborhood: 22
neighborhood: 28
neighborhood: 30
neighborhood: 36
neighborhood: 37
neighborhood: 38
reward in this iteration is  771.0094637223974
This iteration costs  15.454563717047373 mins
Iteration  51 :
neighborhood: 50
neighborhood: 51
neighborhood: 52
neighborhood: 58
neighborhood: 60
reward in this iteration is  783.1451104100946
This iteration costs  9.777747440338135 mins
Iteration  52 :
neighborhood: 0
neighborhood: 1
neighborhood: 2
neighborhood: 8
neighborhood: 10
neighborhood: 16
neighborhood: 17
neighborhood: 18
reward in this iteration is  792.3911671924291
This iteration costs  15.993789374828339 mins
Iteration  53 :
neighborhood: 28
neighborhood: 29
neighborhood: 30
neighborhood: 36
neighborhood: 38
neighborhood: 44
neighborhood: 45
neighborhood: 46
reward in this iteration is  785.0189274447949
This iteration costs  15.57013889948527 mins
Iteration  54 :
neighborhood: 40
neighborhood: 41
neighborhood: 42
neighborhood: 48
neighborhood: 50
neighborhood: 56
neighborhood: 57
neighborhood: 58
reward in this iteration is  838.6246056782335
This iteration costs  15.281398399670918 mins
Iteration  55 :
neighborhood: 35
neighborhood: 36
neighborhood: 37
neighborhood: 43
neighborhood: 45
neighborhood: 51
neighborhood: 52
neighborhood: 53
reward in this iteration is  832.8927444794953
This iteration costs  16.405654362837474 mins
Iteration  56 :
neighborhood: 16
neighborhood: 17
neighborhood: 18
neighborhood: 24
neighborhood: 26
neighborhood: 32
neighborhood: 33
neighborhood: 34
reward in this iteration is  810.0977917981072
This iteration costs  16.111799685160317 mins
Iteration  57 :
neighborhood: 27
neighborhood: 28
neighborhood: 29
neighborhood: 35
neighborhood: 37
neighborhood: 43
neighborhood: 44
neighborhood: 45
reward in this iteration is  852.615141955836
This iteration costs  16.19580804904302 mins
Iteration  58 :
neighborhood: 2
neighborhood: 4
neighborhood: 10
neighborhood: 11
neighborhood: 12
reward in this iteration is  921.4447949526814
This iteration costs  10.302100694179535 mins
Iteration  59 :
neighborhood: 12
neighborhood: 13
neighborhood: 14
neighborhood: 20
neighborhood: 22
neighborhood: 28
neighborhood: 29
neighborhood: 30
reward in this iteration is  862.7287066246056
This iteration costs  16.805794513225557 mins
write result
Iteration  60 :
neighborhood: 12
neighborhood: 13
neighborhood: 14
neighborhood: 20
neighborhood: 22
neighborhood: 28
neighborhood: 29
neighborhood: 30
reward in this iteration is  862.1135646687696
This iteration costs  17.304207877318063 mins
Iteration  61 :
neighborhood: 2
neighborhood: 3
neighborhood: 4
neighborhood: 10
neighborhood: 12
neighborhood: 18
neighborhood: 19
neighborhood: 20
reward in this iteration is  849.6119873817034
This iteration costs  17.574438881874084 mins
Iteration  62 :
neighborhood: 8
neighborhood: 9
neighborhood: 10
neighborhood: 16
neighborhood: 18
neighborhood: 24
neighborhood: 25
neighborhood: 26
reward in this iteration is  838.2460567823343
This iteration costs  16.944469916820527 mins
Iteration  63 :
neighborhood: 5
neighborhood: 6
neighborhood: 7
neighborhood: 13
neighborhood: 15
neighborhood: 21
neighborhood: 22
neighborhood: 23
reward in this iteration is  893.211356466877
This iteration costs  12.622341827551525 mins
Iteration  64 :
neighborhood: 50
neighborhood: 51
neighborhood: 52
neighborhood: 58
neighborhood: 60
reward in this iteration is  937.9968454258675
This iteration costs  6.490407490730286 mins
Iteration  65 :
neighborhood: 21
neighborhood: 22
neighborhood: 23
neighborhood: 29
neighborhood: 31
neighborhood: 37
neighborhood: 38
neighborhood: 39
reward in this iteration is  868.5425867507886
This iteration costs  10.329706446329753 mins
Iteration  66 :
neighborhood: 25
neighborhood: 26
neighborhood: 27
neighborhood: 33
neighborhood: 35
neighborhood: 41
neighborhood: 42
neighborhood: 43
reward in this iteration is  831.4984227129337
This iteration costs  9.99597442150116 mins
Iteration  67 :
neighborhood: 16
neighborhood: 17
neighborhood: 18
neighborhood: 24
neighborhood: 26
neighborhood: 32
neighborhood: 33
neighborhood: 34
reward in this iteration is  829.3943217665615
This iteration costs  10.067609234650929 mins
Iteration  68 :
neighborhood: 12
neighborhood: 13
neighborhood: 14
neighborhood: 20
neighborhood: 22
neighborhood: 28
neighborhood: 29
neighborhood: 30
reward in this iteration is  790.3501577287066
This iteration costs  9.969410705566407 mins
Iteration  69 :
neighborhood: 9
neighborhood: 10
neighborhood: 11
neighborhood: 17
neighborhood: 19
neighborhood: 25
neighborhood: 26
neighborhood: 27
reward in this iteration is  765.3312302839116
This iteration costs  10.20352828502655 mins
write result
Iteration  70 :
neighborhood: 0
neighborhood: 1
neighborhood: 9
neighborhood: 16
neighborhood: 17
reward in this iteration is  927.4984227129337
This iteration costs  6.421729636192322 mins
Iteration  71 :
neighborhood: 13
neighborhood: 14
neighborhood: 15
neighborhood: 21
neighborhood: 23
neighborhood: 29
neighborhood: 30
neighborhood: 31
reward in this iteration is  825.01261829653
This iteration costs  10.143903601169587 mins
Iteration  72 :
neighborhood: 3
neighborhood: 4
neighborhood: 5
neighborhood: 11
neighborhood: 13
neighborhood: 19
neighborhood: 20
neighborhood: 21
reward in this iteration is  777.5772870662461
This iteration costs  10.007783484458923 mins
Iteration  73 :
neighborhood: 9
neighborhood: 10
neighborhood: 11
neighborhood: 17
neighborhood: 19
neighborhood: 25
neighborhood: 26
neighborhood: 27
reward in this iteration is  765.0851735015773
This iteration costs  9.77560313542684 mins
Iteration  74 :
neighborhood: 36
neighborhood: 37
neighborhood: 38
neighborhood: 44
neighborhood: 46
neighborhood: 52
neighborhood: 53
neighborhood: 54
reward in this iteration is  755.0914826498423
This iteration costs  9.700018219153087 mins
Iteration  75 :
neighborhood: 28
neighborhood: 29
neighborhood: 30
neighborhood: 36
neighborhood: 38
neighborhood: 44
neighborhood: 45
neighborhood: 46
reward in this iteration is  783.2302839116719
This iteration costs  9.857368834813435 mins
Iteration  76 :
neighborhood: 12
neighborhood: 13
neighborhood: 14
neighborhood: 20
neighborhood: 22
neighborhood: 28
neighborhood: 29
neighborhood: 30
reward in this iteration is  756.3753943217666
This iteration costs  10.09987277984619 mins
Iteration  77 :
neighborhood: 28
neighborhood: 29
neighborhood: 30
neighborhood: 36
neighborhood: 38
neighborhood: 44
neighborhood: 45
neighborhood: 46
reward in this iteration is  738.8517350157729
This iteration costs  10.000169130166372 mins
Iteration  78 :
neighborhood: 45
neighborhood: 46
neighborhood: 47
neighborhood: 53
neighborhood: 55
neighborhood: 61
neighborhood: 62
neighborhood: 63
reward in this iteration is  870.615141955836
This iteration costs  9.936638716856638 mins
Iteration  79 :
neighborhood: 34
neighborhood: 35
neighborhood: 36
neighborhood: 42
neighborhood: 44
neighborhood: 50
neighborhood: 51
neighborhood: 52
reward in this iteration is  750.7192429022082
This iteration costs  9.854253621896108 mins
write result
Iteration  80 :
neighborhood: 40
neighborhood: 41
neighborhood: 49
neighborhood: 56
neighborhood: 57
reward in this iteration is  769.9400630914827
This iteration costs  7.076413460572561 mins
Iteration  81 :
neighborhood: 53
neighborhood: 54
neighborhood: 55
neighborhood: 61
neighborhood: 63
reward in this iteration is  729.8769716088328
This iteration costs  6.377734768390655 mins
Iteration  82 :
neighborhood: 52
neighborhood: 53
neighborhood: 54
neighborhood: 60
neighborhood: 62
reward in this iteration is  726.1293375394322
This iteration costs  5.736136376857758 mins
Iteration  83 :
neighborhood: 16
neighborhood: 17
neighborhood: 18
neighborhood: 24
neighborhood: 26
neighborhood: 32
neighborhood: 33
neighborhood: 34
reward in this iteration is  784.3059936908518
This iteration costs  9.093190948168436 mins
Iteration  84 :
neighborhood: 41
neighborhood: 42
neighborhood: 43
neighborhood: 49
neighborhood: 51
neighborhood: 57
neighborhood: 58
neighborhood: 59
reward in this iteration is  759.0441640378549
This iteration costs  9.093688941001892 mins
Iteration  85 :
neighborhood: 13
neighborhood: 14
neighborhood: 15
neighborhood: 21
neighborhood: 23
neighborhood: 29
neighborhood: 30
neighborhood: 31
reward in this iteration is  759.807570977918
This iteration costs  9.238301265239716 mins
Iteration  86 :
neighborhood: 44
neighborhood: 45
neighborhood: 46
neighborhood: 52
neighborhood: 54
neighborhood: 60
neighborhood: 61
neighborhood: 62
reward in this iteration is  773.0725552050474
This iteration costs  9.6002738793691 mins
Iteration  87 :
neighborhood: 0
neighborhood: 1
neighborhood: 2
neighborhood: 8
neighborhood: 10
neighborhood: 16
neighborhood: 17
neighborhood: 18
reward in this iteration is  785.1955835962145
This iteration costs  9.7423428495725 mins
Iteration  88 :
neighborhood: 49
neighborhood: 50
neighborhood: 51
neighborhood: 57
neighborhood: 59
reward in this iteration is  792.4384858044164
This iteration costs  6.152637958526611 mins
Iteration  89 :
neighborhood: 22
neighborhood: 23
neighborhood: 30
neighborhood: 38
neighborhood: 39
reward in this iteration is  759.5331230283912
This iteration costs  6.064161268870036 mins
write result
Iteration  90 :
neighborhood: 3
neighborhood: 4
neighborhood: 5
neighborhood: 11
neighborhood: 13
neighborhood: 19
neighborhood: 20
neighborhood: 21
reward in this iteration is  789.3028391167193
This iteration costs  9.535148052374522 mins
Iteration  91 :
neighborhood: 35
neighborhood: 36
neighborhood: 37
neighborhood: 43
neighborhood: 45
neighborhood: 51
neighborhood: 52
neighborhood: 53
reward in this iteration is  791.1766561514196
This iteration costs  12.586669977506002 mins
Iteration  92 :
neighborhood: 26
neighborhood: 27
neighborhood: 28
neighborhood: 34
neighborhood: 36
neighborhood: 42
neighborhood: 43
neighborhood: 44
reward in this iteration is  766.0283911671925
This iteration costs  16.306572397549946 mins
Iteration  93 :
neighborhood: 9
neighborhood: 10
neighborhood: 11
neighborhood: 17
neighborhood: 19
neighborhood: 25
neighborhood: 26
neighborhood: 27
reward in this iteration is  827.6971608832807
This iteration costs  15.935653221607208 mins
Iteration  94 :
neighborhood: 29
neighborhood: 30
neighborhood: 31
neighborhood: 37
neighborhood: 39
neighborhood: 45
neighborhood: 46
neighborhood: 47
reward in this iteration is  805.6813880126183
This iteration costs  15.925774319966633 mins
Iteration  95 :
neighborhood: 0
neighborhood: 1
neighborhood: 9
neighborhood: 16
neighborhood: 17
reward in this iteration is  771.5362776025236
This iteration costs  9.725143114725748 mins
Iteration  96 :
neighborhood: 16
neighborhood: 17
neighborhood: 25
neighborhood: 32
neighborhood: 33
reward in this iteration is  771.0347003154575
This iteration costs  9.386426230271658 mins
Iteration  97 :
neighborhood: 17
neighborhood: 18
neighborhood: 19
neighborhood: 25
neighborhood: 27
neighborhood: 33
neighborhood: 34
neighborhood: 35
reward in this iteration is  758.378548895899
This iteration costs  15.941228946050009 mins
Iteration  98 :
neighborhood: 38
neighborhood: 39
neighborhood: 46
neighborhood: 54
neighborhood: 55
reward in this iteration is  762.7507886435332
This iteration costs  10.350422064463297 mins
Iteration  99 :
neighborhood: 8
neighborhood: 9
neighborhood: 10
neighborhood: 16
neighborhood: 18
neighborhood: 24
neighborhood: 25
neighborhood: 26
reward in this iteration is  786.8958990536278
This iteration costs  19.15461035966873 mins
write result
Iteration  100 :
neighborhood: 48
neighborhood: 49
neighborhood: 50
neighborhood: 56
neighborhood: 58
reward in this iteration is  912.5425867507886
This iteration costs  10.351447904109955 mins
Iteration  101 :
neighborhood: 6
neighborhood: 7
neighborhood: 14
neighborhood: 22
neighborhood: 23
reward in this iteration is  764.2492113564668
This iteration costs  10.35040715932846 mins
Iteration  102 :
neighborhood: 21
neighborhood: 22
neighborhood: 23
neighborhood: 29
neighborhood: 31
neighborhood: 37
neighborhood: 38
neighborhood: 39
reward in this iteration is  795.5236593059938
This iteration costs  17.008968770503998 mins
Iteration  103 :
neighborhood: 24
neighborhood: 25
neighborhood: 26
neighborhood: 32
neighborhood: 34
neighborhood: 40
neighborhood: 41
neighborhood: 42
reward in this iteration is  795.2744479495268
This iteration costs  16.991791808605193 mins
Iteration  104 :
neighborhood: 34
neighborhood: 35
neighborhood: 36
neighborhood: 42
neighborhood: 44
neighborhood: 50
neighborhood: 51
neighborhood: 52
reward in this iteration is  803.5331230283912
This iteration costs  17.33431653181712 mins
Iteration  105 :
neighborhood: 2
neighborhood: 3
neighborhood: 4
neighborhood: 10
neighborhood: 12
neighborhood: 18
neighborhood: 19
neighborhood: 20
reward in this iteration is  819.6876971608833
This iteration costs  17.81989835103353 mins
Iteration  106 :
neighborhood: 36
neighborhood: 37
neighborhood: 38
neighborhood: 44
neighborhood: 46
neighborhood: 52
neighborhood: 53
neighborhood: 54
reward in this iteration is  821.8328075709779
This iteration costs  17.569879607359567 mins
Iteration  107 :
neighborhood: 30
neighborhood: 31
neighborhood: 38
neighborhood: 46
neighborhood: 47
reward in this iteration is  915.0536277602524
This iteration costs  11.415475559234618 mins
Iteration  108 :
neighborhood: 37
neighborhood: 38
neighborhood: 39
neighborhood: 45
neighborhood: 47
neighborhood: 53
neighborhood: 54
neighborhood: 55
reward in this iteration is  811.9242902208202
This iteration costs  17.520814498265583 mins
Iteration  109 :
neighborhood: 24
neighborhood: 25
neighborhood: 33
neighborhood: 40
neighborhood: 41
reward in this iteration is  775.5205047318611
This iteration costs  10.47660163640976 mins
write result
Iteration  110 :
neighborhood: 9
neighborhood: 10
neighborhood: 11
neighborhood: 17
neighborhood: 19
neighborhood: 25
neighborhood: 26
neighborhood: 27
reward in this iteration is  775.5268138801262
This iteration costs  16.59784535566966 mins
Iteration  111 :
neighborhood: 16
neighborhood: 17
neighborhood: 18
neighborhood: 24
neighborhood: 26
neighborhood: 32
neighborhood: 33
neighborhood: 34
reward in this iteration is  775.0315457413249
This iteration costs  17.124830079078674 mins
Iteration  112 :
neighborhood: 29
neighborhood: 30
neighborhood: 31
neighborhood: 37
neighborhood: 39
neighborhood: 45
neighborhood: 46
neighborhood: 47
reward in this iteration is  778.0094637223974
This iteration costs  13.510748970508576 mins
Iteration  113 :
neighborhood: 16
neighborhood: 17
neighborhood: 18
neighborhood: 24
neighborhood: 26
neighborhood: 32
neighborhood: 33
neighborhood: 34
reward in this iteration is  782.4952681388013
This iteration costs  10.298093068599702 mins
Iteration  114 :
neighborhood: 27
neighborhood: 28
neighborhood: 29
neighborhood: 35
neighborhood: 37
neighborhood: 43
neighborhood: 44
neighborhood: 45
reward in this iteration is  786.98738170347
This iteration costs  10.162089419364928 mins
Iteration  115 :
neighborhood: 25
neighborhood: 26
neighborhood: 27
neighborhood: 33
neighborhood: 35
neighborhood: 41
neighborhood: 42
neighborhood: 43
reward in this iteration is  787.9968454258675
This iteration costs  9.956361385186513 mins
Iteration  116 :
neighborhood: 33
neighborhood: 34
neighborhood: 35
neighborhood: 41
neighborhood: 43
neighborhood: 49
neighborhood: 50
neighborhood: 51
reward in this iteration is  768.5867507886435
This iteration costs  9.81266142129898 mins
Iteration  117 :
neighborhood: 16
neighborhood: 17
neighborhood: 18
neighborhood: 24
neighborhood: 26
neighborhood: 32
neighborhood: 33
neighborhood: 34
reward in this iteration is  756.0946372239748
This iteration costs  9.396286539236705 mins
Iteration  118 :
neighborhood: 8
neighborhood: 9
neighborhood: 10
neighborhood: 16
neighborhood: 18
neighborhood: 24
neighborhood: 25
neighborhood: 26
reward in this iteration is  760.4731861198738
This iteration costs  9.644142214457194 mins
Iteration  119 :
neighborhood: 36
neighborhood: 37
neighborhood: 38
neighborhood: 44
neighborhood: 46
neighborhood: 52
neighborhood: 53
neighborhood: 54
reward in this iteration is  751.1104100946372
This iteration costs  9.429402470588684 mins
write result
Iteration  120 :
neighborhood: 0
neighborhood: 1
neighborhood: 2
neighborhood: 8
neighborhood: 10
neighborhood: 16
neighborhood: 17
neighborhood: 18
reward in this iteration is  755.3438485804415
This iteration costs  9.133763225873311 mins
Iteration  121 :
neighborhood: 0
neighborhood: 1
neighborhood: 2
neighborhood: 8
neighborhood: 10
neighborhood: 16
neighborhood: 17
neighborhood: 18
reward in this iteration is  821.8990536277602
This iteration costs  9.308398870627085 mins
Iteration  122 :
neighborhood: 41
neighborhood: 42
neighborhood: 43
neighborhood: 49
neighborhood: 51
neighborhood: 57
neighborhood: 58
neighborhood: 59
reward in this iteration is  836.1703470031546
This iteration costs  9.666471294562022 mins
Iteration  123 :
neighborhood: 53
neighborhood: 54
neighborhood: 55
neighborhood: 61
neighborhood: 63
reward in this iteration is  806.5299684542587
This iteration costs  5.948891071478526 mins
Iteration  124 :
neighborhood: 0
neighborhood: 1
neighborhood: 9
neighborhood: 16
neighborhood: 17
reward in this iteration is  825.794952681388
This iteration costs  6.093209977944692 mins
Iteration  125 :
neighborhood: 20
neighborhood: 21
neighborhood: 22
neighborhood: 28
neighborhood: 30
neighborhood: 36
neighborhood: 37
neighborhood: 38
reward in this iteration is  824.5457413249212
This iteration costs  9.82490732272466 mins
Iteration  126 :
neighborhood: 1
neighborhood: 8
neighborhood: 9
reward in this iteration is  969.97476340694
This iteration costs  3.4676121632258097 mins
Iteration  127 :
neighborhood: 42
neighborhood: 43
neighborhood: 44
neighborhood: 50
neighborhood: 52
neighborhood: 58
neighborhood: 59
neighborhood: 60
reward in this iteration is  917.6813880126183
This iteration costs  8.801479534308116 mins
Iteration  128 :
neighborhood: 0
neighborhood: 1
neighborhood: 2
neighborhood: 8
neighborhood: 10
neighborhood: 16
neighborhood: 17
neighborhood: 18
reward in this iteration is  921.429022082019
This iteration costs  9.29181884129842 mins
Iteration  129 :
neighborhood: 11
neighborhood: 12
neighborhood: 13
neighborhood: 19
neighborhood: 21
neighborhood: 27
neighborhood: 28
neighborhood: 29
reward in this iteration is  905.429022082019
This iteration costs  8.563396151860555 mins
write result
Iteration  130 :
neighborhood: 36
neighborhood: 37
neighborhood: 38
neighborhood: 44
neighborhood: 46
neighborhood: 52
neighborhood: 53
neighborhood: 54
reward in this iteration is  851.3690851735016
This iteration costs  8.00621064901352 mins
Iteration  131 :
neighborhood: 40
neighborhood: 41
neighborhood: 42
neighborhood: 48
neighborhood: 50
neighborhood: 56
neighborhood: 57
neighborhood: 58
reward in this iteration is  897.6088328075709
This iteration costs  8.059802345434825 mins
Iteration  132 :
neighborhood: 50
neighborhood: 51
neighborhood: 52
neighborhood: 58
neighborhood: 60
reward in this iteration is  879.3280757097791
This iteration costs  4.71740684111913 mins
Iteration  133 :
neighborhood: 49
neighborhood: 50
neighborhood: 51
neighborhood: 57
neighborhood: 59
reward in this iteration is  904.621451104101
This iteration costs  4.868957281112671 mins
Iteration  134 :
neighborhood: 43
neighborhood: 44
neighborhood: 45
neighborhood: 51
neighborhood: 53
neighborhood: 59
neighborhood: 60
neighborhood: 61
reward in this iteration is  830.5394321766562
This iteration costs  7.853983028729757 mins
Iteration  135 :
neighborhood: 24
neighborhood: 25
neighborhood: 26
neighborhood: 32
neighborhood: 34
neighborhood: 40
neighborhood: 41
neighborhood: 42
reward in this iteration is  871.4132492113565
This iteration costs  7.727284745375315 mins
Iteration  136 :
neighborhood: 43
neighborhood: 44
neighborhood: 45
neighborhood: 51
neighborhood: 53
neighborhood: 59
neighborhood: 60
neighborhood: 61
reward in this iteration is  778.5772870662461
This iteration costs  7.73028625647227 mins
Iteration  137 :
neighborhood: 35
neighborhood: 36
neighborhood: 37
neighborhood: 43
neighborhood: 45
neighborhood: 51
neighborhood: 52
neighborhood: 53
reward in this iteration is  791.0820189274448
This iteration costs  7.773828228314717 mins
Iteration  138 :
neighborhood: 42
neighborhood: 43
neighborhood: 44
neighborhood: 50
neighborhood: 52
neighborhood: 58
neighborhood: 59
neighborhood: 60
reward in this iteration is  923.8170347003154
This iteration costs  7.302787637710571 mins
Iteration  139 :
neighborhood: 49
neighborhood: 50
neighborhood: 51
neighborhood: 57
neighborhood: 59
reward in this iteration is  947.3406940063091
This iteration costs  4.370582791169484 mins
write result
Iteration  140 :
neighborhood: 19
neighborhood: 20
neighborhood: 21
neighborhood: 27
neighborhood: 29
neighborhood: 35
neighborhood: 36
neighborhood: 37
reward in this iteration is  945.3343848580441
This iteration costs  6.926281265417734 mins
Iteration  141 :
neighborhood: 33
neighborhood: 34
neighborhood: 35
neighborhood: 41
neighborhood: 43
neighborhood: 49
neighborhood: 50
neighborhood: 51
reward in this iteration is  820.1072555205047
This iteration costs  6.761055056254069 mins
Iteration  142 :
neighborhood: 16
neighborhood: 17
neighborhood: 25
neighborhood: 32
neighborhood: 33
reward in this iteration is  876.5488958990536
This iteration costs  4.334546490510305 mins
Iteration  143 :
neighborhood: 8
neighborhood: 9
neighborhood: 17
neighborhood: 24
neighborhood: 25
reward in this iteration is  796.0883280757098
This iteration costs  4.313585114479065 mins
Iteration  144 :
neighborhood: 17
neighborhood: 18
neighborhood: 19
neighborhood: 25
neighborhood: 27
neighborhood: 33
neighborhood: 34
neighborhood: 35
reward in this iteration is  799.8864353312302
This iteration costs  7.2442883094151815 mins
Iteration  145 :
neighborhood: 24
neighborhood: 25
neighborhood: 26
neighborhood: 32
neighborhood: 34
neighborhood: 40
neighborhood: 41
neighborhood: 42
reward in this iteration is  789.0851735015773
This iteration costs  7.344723566373189 mins
Iteration  146 :
neighborhood: 21
neighborhood: 22
neighborhood: 23
neighborhood: 29
neighborhood: 31
neighborhood: 37
neighborhood: 38
neighborhood: 39
reward in this iteration is  887.9337539432177
This iteration costs  7.486253301302592 mins
Iteration  147 :
neighborhood: 3
neighborhood: 4
neighborhood: 5
neighborhood: 11
neighborhood: 13
neighborhood: 19
neighborhood: 20
neighborhood: 21
reward in this iteration is  842.7665615141956
This iteration costs  7.642039175828298 mins
Iteration  148 :
neighborhood: 26
neighborhood: 27
neighborhood: 28
neighborhood: 34
neighborhood: 36
neighborhood: 42
neighborhood: 43
neighborhood: 44
reward in this iteration is  849.6435331230284
This iteration costs  7.892073742548624 mins
Iteration  149 :
neighborhood: 36
neighborhood: 37
neighborhood: 38
neighborhood: 44
neighborhood: 46
neighborhood: 52
neighborhood: 53
neighborhood: 54
reward in this iteration is  863.9148264984228
This iteration costs  7.751147707303365 mins
write result
It costs  1673.0234000325204 mins
Best reward= 726.1293375394322
done
