{0: 46, 1: 50, 2: 10, 3: 28, 4: 36, 5: 41, 6: 37, 7: 25, 8: 53, 9: 35, 10: 6, 11: 3, 12: 23, 13: 47, 14: 61, 15: 50, 16: 62, 17: 58, 18: 44, 19: 6, 20: 18, 21: 18, 22: 50, 23: 55, 24: 44, 25: 49, 26: 41, 27: 49, 28: 23, 29: 20, 30: 12, 31: 42, 32: 9, 33: 47, 34: 5, 35: 61, 36: 10, 37: 58, 38: 57, 39: 43, 40: 35, 41: 33, 42: 5, 43: 2, 44: 50, 45: 45, 46: 47, 47: 38, 48: 57, 49: 57, 50: 53}
Iteration  0 :
neighborhood: 4
neighborhood: 6
neighborhood: 12
neighborhood: 13
neighborhood: 14
reward in this iteration is  448556.26649208134
This iteration costs  6.538434743881226 mins
Iteration  1 :
neighborhood: 19
neighborhood: 20
neighborhood: 21
neighborhood: 27
neighborhood: 29
neighborhood: 35
neighborhood: 36
neighborhood: 37
reward in this iteration is  382976.5601695972
This iteration costs  10.095863898595175 mins
Iteration  2 :
neighborhood: 1
neighborhood: 3
neighborhood: 9
neighborhood: 10
neighborhood: 11
reward in this iteration is  378845.46277590725
This iteration costs  6.1329610029856365 mins
Iteration  3 :
neighborhood: 14
neighborhood: 15
neighborhood: 22
neighborhood: 30
neighborhood: 31
reward in this iteration is  394689.9650829281
This iteration costs  6.235212099552155 mins
Iteration  4 :
neighborhood: 35
neighborhood: 36
neighborhood: 37
neighborhood: 43
neighborhood: 45
neighborhood: 51
neighborhood: 52
neighborhood: 53
reward in this iteration is  381394.6990896621
This iteration costs  9.920243803660075 mins
Iteration  5 :
neighborhood: 16
neighborhood: 17
neighborhood: 18
neighborhood: 24
neighborhood: 26
neighborhood: 32
neighborhood: 33
neighborhood: 34
reward in this iteration is  373597.1568774161
This iteration costs  9.682846180597942 mins
Iteration  6 :
neighborhood: 32
neighborhood: 33
neighborhood: 34
neighborhood: 40
neighborhood: 42
neighborhood: 48
neighborhood: 49
neighborhood: 50
reward in this iteration is  399819.7555804964
This iteration costs  9.910646351178487 mins
Iteration  7 :
neighborhood: 41
neighborhood: 42
neighborhood: 43
neighborhood: 49
neighborhood: 51
neighborhood: 57
neighborhood: 58
neighborhood: 59
reward in this iteration is  423496.6114228707
This iteration costs  9.694933986663818 mins
Iteration  8 :
neighborhood: 48
neighborhood: 49
neighborhood: 50
neighborhood: 56
neighborhood: 58
reward in this iteration is  434362.0458910089
This iteration costs  6.167096324761709 mins
Iteration  9 :
neighborhood: 28
neighborhood: 29
neighborhood: 30
neighborhood: 36
neighborhood: 38
neighborhood: 44
neighborhood: 45
neighborhood: 46
reward in this iteration is  393804.2625015589
This iteration costs  10.057660309473674 mins
write result
Iteration  10 :
neighborhood: 29
neighborhood: 30
neighborhood: 31
neighborhood: 37
neighborhood: 39
neighborhood: 45
neighborhood: 46
neighborhood: 47
reward in this iteration is  447109.80508791626
This iteration costs  9.791979332764944 mins
Iteration  11 :
neighborhood: 37
neighborhood: 38
neighborhood: 39
neighborhood: 45
neighborhood: 47
neighborhood: 53
neighborhood: 54
neighborhood: 55
reward in this iteration is  402511.94400798104
This iteration costs  9.547038129965465 mins
Iteration  12 :
neighborhood: 41
neighborhood: 42
neighborhood: 43
neighborhood: 49
neighborhood: 51
neighborhood: 57
neighborhood: 58
neighborhood: 59
reward in this iteration is  417517.1796982168
This iteration costs  9.501879672209421 mins
Iteration  13 :
neighborhood: 3
neighborhood: 4
neighborhood: 5
neighborhood: 11
neighborhood: 13
neighborhood: 19
neighborhood: 20
neighborhood: 21
reward in this iteration is  397415.79810450185
This iteration costs  9.17101819117864 mins
Iteration  14 :
neighborhood: 1
neighborhood: 2
neighborhood: 3
neighborhood: 9
neighborhood: 11
neighborhood: 17
neighborhood: 18
neighborhood: 19
reward in this iteration is  426603.7230327971
This iteration costs  9.282291964689891 mins
Iteration  15 :
neighborhood: 36
neighborhood: 37
neighborhood: 38
neighborhood: 44
neighborhood: 46
neighborhood: 52
neighborhood: 53
neighborhood: 54
reward in this iteration is  435904.6180321736
This iteration costs  9.522759481271107 mins
Iteration  16 :
neighborhood: 48
neighborhood: 49
neighborhood: 50
neighborhood: 56
neighborhood: 58
reward in this iteration is  413523.68711809453
This iteration costs  5.7671258568763735 mins
Iteration  17 :
neighborhood: 5
neighborhood: 7
neighborhood: 13
neighborhood: 14
neighborhood: 15
reward in this iteration is  373006.0314253648
This iteration costs  5.309405283133189 mins
Iteration  18 :
neighborhood: 0
neighborhood: 1
neighborhood: 2
neighborhood: 8
neighborhood: 10
neighborhood: 16
neighborhood: 17
neighborhood: 18
reward in this iteration is  371511.63486719044
This iteration costs  8.592267433802286 mins
Iteration  19 :
neighborhood: 40
neighborhood: 41
neighborhood: 42
neighborhood: 48
neighborhood: 50
neighborhood: 56
neighborhood: 57
neighborhood: 58
reward in this iteration is  348440.20002494083
This iteration costs  8.37783335049947 mins
write result
Iteration  20 :
neighborhood: 24
neighborhood: 25
neighborhood: 26
neighborhood: 32
neighborhood: 34
neighborhood: 40
neighborhood: 41
neighborhood: 42
reward in this iteration is  351407.52188552194
This iteration costs  8.422345252831777 mins
Iteration  21 :
neighborhood: 4
neighborhood: 6
neighborhood: 12
neighborhood: 13
neighborhood: 14
reward in this iteration is  364953.21935403417
This iteration costs  5.282570803165436 mins
Iteration  22 :
neighborhood: 26
neighborhood: 27
neighborhood: 28
neighborhood: 34
neighborhood: 36
neighborhood: 42
neighborhood: 43
neighborhood: 44
reward in this iteration is  370449.2550193291
This iteration costs  8.545642777283986 mins
Iteration  23 :
neighborhood: 49
neighborhood: 50
neighborhood: 51
neighborhood: 57
neighborhood: 59
reward in this iteration is  357430.95236313756
This iteration costs  5.314628593126932 mins
Iteration  24 :
neighborhood: 8
neighborhood: 9
neighborhood: 10
neighborhood: 16
neighborhood: 18
neighborhood: 24
neighborhood: 25
neighborhood: 26
reward in this iteration is  343359.7022072578
This iteration costs  8.233769063154856 mins
Iteration  25 :
neighborhood: 16
neighborhood: 17
neighborhood: 25
neighborhood: 32
neighborhood: 33
reward in this iteration is  349868.3656316249
This iteration costs  5.229436449209849 mins
Iteration  26 :
neighborhood: 40
neighborhood: 41
neighborhood: 42
neighborhood: 48
neighborhood: 50
neighborhood: 56
neighborhood: 57
neighborhood: 58
reward in this iteration is  348189.90310512536
This iteration costs  8.724170442422231 mins
Iteration  27 :
neighborhood: 12
neighborhood: 13
neighborhood: 14
neighborhood: 20
neighborhood: 22
neighborhood: 28
neighborhood: 29
neighborhood: 30
reward in this iteration is  348754.5624142661
This iteration costs  8.540035990873973 mins
Iteration  28 :
neighborhood: 3
neighborhood: 5
neighborhood: 11
neighborhood: 12
neighborhood: 13
reward in this iteration is  349102.05948372616
This iteration costs  5.425980917612711 mins
Iteration  29 :
neighborhood: 6
neighborhood: 7
neighborhood: 14
neighborhood: 22
neighborhood: 23
reward in this iteration is  350961.65893502935
This iteration costs  5.452118273576101 mins
write result
Iteration  30 :
neighborhood: 36
neighborhood: 37
neighborhood: 38
neighborhood: 44
neighborhood: 46
neighborhood: 52
neighborhood: 53
neighborhood: 54
reward in this iteration is  349296.0447686744
This iteration costs  8.646112302939096 mins
Iteration  31 :
neighborhood: 41
neighborhood: 42
neighborhood: 43
neighborhood: 49
neighborhood: 51
neighborhood: 57
neighborhood: 58
neighborhood: 59
reward in this iteration is  359908.98092031426
This iteration costs  8.569617108503978 mins
Iteration  32 :
neighborhood: 13
neighborhood: 14
neighborhood: 15
neighborhood: 21
neighborhood: 23
neighborhood: 29
neighborhood: 30
neighborhood: 31
reward in this iteration is  335298.2154882155
This iteration costs  8.6245010693868 mins
Iteration  33 :
neighborhood: 20
neighborhood: 21
neighborhood: 22
neighborhood: 28
neighborhood: 30
neighborhood: 36
neighborhood: 37
neighborhood: 38
reward in this iteration is  323941.3682504053
This iteration costs  9.115967591603598 mins
Iteration  34 :
neighborhood: 9
neighborhood: 10
neighborhood: 11
neighborhood: 17
neighborhood: 19
neighborhood: 25
neighborhood: 26
neighborhood: 27
reward in this iteration is  370605.5853597706
This iteration costs  9.357861006259919 mins
Iteration  35 :
neighborhood: 2
neighborhood: 4
neighborhood: 10
neighborhood: 11
neighborhood: 12
reward in this iteration is  369519.79897742864
This iteration costs  5.942858719825745 mins
Iteration  36 :
neighborhood: 34
neighborhood: 35
neighborhood: 36
neighborhood: 42
neighborhood: 44
neighborhood: 50
neighborhood: 51
neighborhood: 52
reward in this iteration is  363580.5301159746
This iteration costs  9.6772026181221 mins
Iteration  37 :
neighborhood: 27
neighborhood: 28
neighborhood: 29
neighborhood: 35
neighborhood: 37
neighborhood: 43
neighborhood: 44
neighborhood: 45
reward in this iteration is  348294.3687492206
This iteration costs  9.568165866533915 mins
Iteration  38 :
neighborhood: 36
neighborhood: 37
neighborhood: 38
neighborhood: 44
neighborhood: 46
neighborhood: 52
neighborhood: 53
neighborhood: 54
reward in this iteration is  349032.4776156628
This iteration costs  9.557234843571981 mins
Iteration  39 :
neighborhood: 48
neighborhood: 49
neighborhood: 50
neighborhood: 56
neighborhood: 58
reward in this iteration is  337696.73338321486
This iteration costs  6.008394662539164 mins
write result
Iteration  40 :
neighborhood: 50
neighborhood: 51
neighborhood: 52
neighborhood: 58
neighborhood: 60
reward in this iteration is  344684.2181069959
This iteration costs  5.959395813941955 mins
Iteration  41 :
neighborhood: 38
neighborhood: 39
neighborhood: 46
neighborhood: 54
neighborhood: 55
reward in this iteration is  343261.45928420004
This iteration costs  6.004352688789368 mins
Iteration  42 :
neighborhood: 52
neighborhood: 53
neighborhood: 54
neighborhood: 60
neighborhood: 62
reward in this iteration is  341654.48559670785
This iteration costs  5.929169650872549 mins
Iteration  43 :
neighborhood: 40
neighborhood: 41
neighborhood: 49
neighborhood: 56
neighborhood: 57
reward in this iteration is  356853.7035789999
This iteration costs  5.770250475406646 mins
Iteration  44 :
neighborhood: 22
neighborhood: 23
neighborhood: 30
neighborhood: 38
neighborhood: 39
reward in this iteration is  360466.32934281084
This iteration costs  5.925576285521189 mins
Iteration  45 :
neighborhood: 41
neighborhood: 42
neighborhood: 43
neighborhood: 49
neighborhood: 51
neighborhood: 57
neighborhood: 58
neighborhood: 59
reward in this iteration is  343170.7343808455
This iteration costs  9.660851844151814 mins
Iteration  46 :
neighborhood: 28
neighborhood: 29
neighborhood: 30
neighborhood: 36
neighborhood: 38
neighborhood: 44
neighborhood: 45
neighborhood: 46
reward in this iteration is  347651.7030801846
This iteration costs  9.684518261750538 mins
Iteration  47 :
neighborhood: 48
neighborhood: 49
neighborhood: 57
reward in this iteration is  346659.0920314254
This iteration costs  3.645324250062307 mins
Iteration  48 :
neighborhood: 20
neighborhood: 21
neighborhood: 22
neighborhood: 28
neighborhood: 30
neighborhood: 36
neighborhood: 37
neighborhood: 38
reward in this iteration is  327658.9072203517
This iteration costs  8.92792768875758 mins
Iteration  49 :
neighborhood: 4
neighborhood: 6
neighborhood: 12
neighborhood: 13
neighborhood: 14
reward in this iteration is  348370.2515276219
This iteration costs  5.262639053662618 mins
write result
Iteration  50 :
neighborhood: 35
neighborhood: 36
neighborhood: 37
neighborhood: 43
neighborhood: 45
neighborhood: 51
neighborhood: 52
neighborhood: 53
reward in this iteration is  315043.47911210876
This iteration costs  8.695352451006572 mins
Iteration  51 :
neighborhood: 5
neighborhood: 6
neighborhood: 7
neighborhood: 13
neighborhood: 15
neighborhood: 21
neighborhood: 22
neighborhood: 23
reward in this iteration is  313890.1389200649
This iteration costs  9.564294640223185 mins
Iteration  52 :
neighborhood: 51
neighborhood: 52
neighborhood: 53
neighborhood: 59
neighborhood: 61
reward in this iteration is  329455.9985035541
This iteration costs  6.072062273820241 mins
Iteration  53 :
neighborhood: 35
neighborhood: 36
neighborhood: 37
neighborhood: 43
neighborhood: 45
neighborhood: 51
neighborhood: 52
neighborhood: 53
reward in this iteration is  351523.5772540217
This iteration costs  9.580043538411458 mins
Iteration  54 :
neighborhood: 9
neighborhood: 10
neighborhood: 11
neighborhood: 17
neighborhood: 19
neighborhood: 25
neighborhood: 26
neighborhood: 27
reward in this iteration is  345498.47262750973
This iteration costs  9.596516279379527 mins
Iteration  55 :
neighborhood: 33
neighborhood: 34
neighborhood: 35
neighborhood: 41
neighborhood: 43
neighborhood: 49
neighborhood: 50
neighborhood: 51
reward in this iteration is  326951.6211497693
This iteration costs  9.83858106136322 mins
Iteration  56 :
neighborhood: 46
neighborhood: 47
neighborhood: 54
neighborhood: 62
neighborhood: 63
reward in this iteration is  381256.1602444196
This iteration costs  6.078676291306814 mins
Iteration  57 :
neighborhood: 33
neighborhood: 34
neighborhood: 35
neighborhood: 41
neighborhood: 43
neighborhood: 49
neighborhood: 50
neighborhood: 51
reward in this iteration is  358107.6605561791
This iteration costs  9.331364834308625 mins
Iteration  58 :
neighborhood: 40
neighborhood: 41
neighborhood: 49
neighborhood: 56
neighborhood: 57
reward in this iteration is  358758.4530490086
This iteration costs  6.176564586162567 mins
Iteration  59 :
neighborhood: 45
neighborhood: 46
neighborhood: 47
neighborhood: 53
neighborhood: 55
neighborhood: 61
neighborhood: 62
neighborhood: 63
reward in this iteration is  345162.46140416514
This iteration costs  10.124267641703288 mins
write result
Iteration  60 :
neighborhood: 37
neighborhood: 38
neighborhood: 39
neighborhood: 45
neighborhood: 47
neighborhood: 53
neighborhood: 54
neighborhood: 55
reward in this iteration is  324365.22945504426
This iteration costs  10.280492266019186 mins
Iteration  61 :
neighborhood: 0
neighborhood: 1
neighborhood: 2
neighborhood: 8
neighborhood: 10
neighborhood: 16
neighborhood: 17
neighborhood: 18
reward in this iteration is  307963.9478737997
This iteration costs  10.219551650683085 mins
Iteration  62 :
neighborhood: 25
neighborhood: 26
neighborhood: 27
neighborhood: 33
neighborhood: 35
neighborhood: 41
neighborhood: 42
neighborhood: 43
reward in this iteration is  318649.5636613044
This iteration costs  10.276194548606872 mins
Iteration  63 :
neighborhood: 32
neighborhood: 33
neighborhood: 34
neighborhood: 40
neighborhood: 42
neighborhood: 48
neighborhood: 49
neighborhood: 50
reward in this iteration is  303681.6455917197
This iteration costs  10.215198079744974 mins
Iteration  64 :
neighborhood: 6
neighborhood: 7
neighborhood: 14
neighborhood: 22
neighborhood: 23
reward in this iteration is  308608.50342935533
This iteration costs  6.207111203670502 mins
Iteration  65 :
neighborhood: 46
neighborhood: 47
neighborhood: 54
neighborhood: 62
neighborhood: 63
reward in this iteration is  326098.67689238064
This iteration costs  6.130928353468577 mins
Iteration  66 :
neighborhood: 35
neighborhood: 36
neighborhood: 37
neighborhood: 43
neighborhood: 45
neighborhood: 51
neighborhood: 52
neighborhood: 53
reward in this iteration is  314126.4247412396
This iteration costs  9.914383506774902 mins
Iteration  67 :
neighborhood: 38
neighborhood: 39
neighborhood: 46
neighborhood: 54
neighborhood: 55
reward in this iteration is  312995.2553934406
This iteration costs  6.177806091308594 mins
Iteration  68 :
neighborhood: 46
neighborhood: 47
neighborhood: 54
neighborhood: 62
neighborhood: 63
reward in this iteration is  326422.0179573513
This iteration costs  6.088460127512614 mins
Iteration  69 :
neighborhood: 32
neighborhood: 33
neighborhood: 34
neighborhood: 40
neighborhood: 42
neighborhood: 48
neighborhood: 49
neighborhood: 50
reward in this iteration is  325959.8037161741
This iteration costs  10.013965340455373 mins
write result
Iteration  70 :
neighborhood: 5
neighborhood: 7
neighborhood: 13
neighborhood: 14
neighborhood: 15
reward in this iteration is  336593.09876543214
This iteration costs  6.01709498167038 mins
Iteration  71 :
neighborhood: 14
neighborhood: 15
neighborhood: 22
neighborhood: 30
neighborhood: 31
reward in this iteration is  324009.60543708695
This iteration costs  5.495297761758168 mins
Iteration  72 :
neighborhood: 21
neighborhood: 22
neighborhood: 23
neighborhood: 29
neighborhood: 31
neighborhood: 37
neighborhood: 38
neighborhood: 39
reward in this iteration is  351588.704950742
This iteration costs  8.688845539093018 mins
Iteration  73 :
neighborhood: 3
neighborhood: 4
neighborhood: 5
neighborhood: 11
neighborhood: 13
neighborhood: 19
neighborhood: 20
neighborhood: 21
reward in this iteration is  340063.67040778155
This iteration costs  9.432922530174256 mins
Iteration  74 :
neighborhood: 41
neighborhood: 42
neighborhood: 43
neighborhood: 49
neighborhood: 51
neighborhood: 57
neighborhood: 58
neighborhood: 59
reward in this iteration is  330377.87878787884
This iteration costs  9.920734016100566 mins
Iteration  75 :
neighborhood: 34
neighborhood: 35
neighborhood: 36
neighborhood: 42
neighborhood: 44
neighborhood: 50
neighborhood: 51
neighborhood: 52
reward in this iteration is  298422.40927796485
This iteration costs  9.606175537904104 mins
Iteration  76 :
neighborhood: 1
neighborhood: 2
neighborhood: 3
neighborhood: 9
neighborhood: 11
neighborhood: 17
neighborhood: 18
neighborhood: 19
reward in this iteration is  307516.88165606686
This iteration costs  9.925239360332489 mins
Iteration  77 :
neighborhood: 37
neighborhood: 38
neighborhood: 39
neighborhood: 45
neighborhood: 47
neighborhood: 53
neighborhood: 54
neighborhood: 55
reward in this iteration is  304864.26349918946
This iteration costs  9.394840451081594 mins
Iteration  78 :
neighborhood: 38
neighborhood: 39
neighborhood: 46
neighborhood: 54
neighborhood: 55
reward in this iteration is  296808.949120838
This iteration costs  6.234234960873922 mins
Iteration  79 :
neighborhood: 33
neighborhood: 34
neighborhood: 35
neighborhood: 41
neighborhood: 43
neighborhood: 49
neighborhood: 50
neighborhood: 51
reward in this iteration is  276465.1974061604
This iteration costs  10.058007884025574 mins
write result
Iteration  80 :
neighborhood: 6
neighborhood: 7
neighborhood: 14
neighborhood: 22
neighborhood: 23
reward in this iteration is  316635.56129193166
This iteration costs  6.151815581321716 mins
Iteration  81 :
neighborhood: 25
neighborhood: 26
neighborhood: 27
neighborhood: 33
neighborhood: 35
neighborhood: 41
neighborhood: 42
neighborhood: 43
reward in this iteration is  289198.9779274224
This iteration costs  10.213239975770314 mins
Iteration  82 :
neighborhood: 40
neighborhood: 41
neighborhood: 42
neighborhood: 48
neighborhood: 50
neighborhood: 56
neighborhood: 57
neighborhood: 58
reward in this iteration is  302062.5193914453
This iteration costs  10.179586426417034 mins
Iteration  83 :
neighborhood: 41
neighborhood: 42
neighborhood: 43
neighborhood: 49
neighborhood: 51
neighborhood: 57
neighborhood: 58
neighborhood: 59
reward in this iteration is  285175.662800848
This iteration costs  10.19588472445806 mins
Iteration  84 :
neighborhood: 38
neighborhood: 39
neighborhood: 46
neighborhood: 54
neighborhood: 55
reward in this iteration is  276498.1926674149
This iteration costs  5.813254296779633 mins
Iteration  85 :
neighborhood: 49
neighborhood: 50
neighborhood: 51
neighborhood: 57
neighborhood: 59
reward in this iteration is  269897.997131812
This iteration costs  6.214561919371287 mins
Iteration  86 :
neighborhood: 37
neighborhood: 38
neighborhood: 39
neighborhood: 45
neighborhood: 47
neighborhood: 53
neighborhood: 54
neighborhood: 55
reward in this iteration is  268279.0841750842
This iteration costs  10.223988060156504 mins
Iteration  87 :
neighborhood: 29
neighborhood: 30
neighborhood: 31
neighborhood: 37
neighborhood: 39
neighborhood: 45
neighborhood: 46
neighborhood: 47
reward in this iteration is  262085.76954732512
This iteration costs  10.25919349193573 mins
Iteration  88 :
neighborhood: 27
neighborhood: 28
neighborhood: 29
neighborhood: 35
neighborhood: 37
neighborhood: 43
neighborhood: 44
neighborhood: 45
reward in this iteration is  271385.271106123
This iteration costs  10.292677263418833 mins
Iteration  89 :
neighborhood: 20
neighborhood: 21
neighborhood: 22
neighborhood: 28
neighborhood: 30
neighborhood: 36
neighborhood: 37
neighborhood: 38
reward in this iteration is  271195.3933158748
This iteration costs  9.995881577332815 mins
write result
Iteration  90 :
neighborhood: 3
neighborhood: 5
neighborhood: 11
neighborhood: 12
neighborhood: 13
reward in this iteration is  265885.8694350917
This iteration costs  6.4838414510091145 mins
Iteration  91 :
neighborhood: 53
neighborhood: 54
neighborhood: 55
neighborhood: 61
neighborhood: 63
reward in this iteration is  268123.1462775907
This iteration costs  6.277613695462545 mins
Iteration  92 :
neighborhood: 32
neighborhood: 33
neighborhood: 34
neighborhood: 40
neighborhood: 42
neighborhood: 48
neighborhood: 49
neighborhood: 50
reward in this iteration is  267727.97692979174
This iteration costs  10.099837350845338 mins
Iteration  93 :
neighborhood: 45
neighborhood: 46
neighborhood: 47
neighborhood: 53
neighborhood: 55
neighborhood: 61
neighborhood: 62
neighborhood: 63
reward in this iteration is  281268.9587230328
This iteration costs  10.072136843204499 mins
Iteration  94 :
neighborhood: 27
neighborhood: 28
neighborhood: 29
neighborhood: 35
neighborhood: 37
neighborhood: 43
neighborhood: 44
neighborhood: 45
reward in this iteration is  277686.17732884403
This iteration costs  10.163222448031108 mins
Iteration  95 :
neighborhood: 49
neighborhood: 50
neighborhood: 51
neighborhood: 57
neighborhood: 59
reward in this iteration is  272756.3405661554
This iteration costs  6.16592614253362 mins
Iteration  96 :
neighborhood: 34
neighborhood: 35
neighborhood: 36
neighborhood: 42
neighborhood: 44
neighborhood: 50
neighborhood: 51
neighborhood: 52
reward in this iteration is  268669.89973812195
This iteration costs  10.696413429578145 mins
Iteration  97 :
neighborhood: 13
neighborhood: 14
neighborhood: 15
neighborhood: 21
neighborhood: 23
neighborhood: 29
neighborhood: 30
neighborhood: 31
reward in this iteration is  270703.45429604687
This iteration costs  10.437343637148539 mins
Iteration  98 :
neighborhood: 22
neighborhood: 23
neighborhood: 30
neighborhood: 38
neighborhood: 39
reward in this iteration is  264296.56852475373
This iteration costs  6.766499908765157 mins
Iteration  99 :
neighborhood: 29
neighborhood: 30
neighborhood: 31
neighborhood: 37
neighborhood: 39
neighborhood: 45
neighborhood: 46
neighborhood: 47
reward in this iteration is  265865.68100760697
This iteration costs  10.72173116604487 mins
write result
Iteration  100 :
neighborhood: 44
neighborhood: 45
neighborhood: 46
neighborhood: 52
neighborhood: 54
neighborhood: 60
neighborhood: 61
neighborhood: 62
reward in this iteration is  260938.80396558176
This iteration costs  10.880771776040396 mins
Iteration  101 :
neighborhood: 40
neighborhood: 41
neighborhood: 42
neighborhood: 48
neighborhood: 50
neighborhood: 56
neighborhood: 57
neighborhood: 58
reward in this iteration is  252564.8850230702
This iteration costs  10.853923726081849 mins
Iteration  102 :
neighborhood: 36
neighborhood: 37
neighborhood: 38
neighborhood: 44
neighborhood: 46
neighborhood: 52
neighborhood: 53
neighborhood: 54
reward in this iteration is  284336.4460655942
This iteration costs  10.725551001230876 mins
Iteration  103 :
neighborhood: 27
neighborhood: 28
neighborhood: 29
neighborhood: 35
neighborhood: 37
neighborhood: 43
neighborhood: 44
neighborhood: 45
reward in this iteration is  269596.8102007732
This iteration costs  9.872085861365 mins
Iteration  104 :
neighborhood: 2
neighborhood: 4
neighborhood: 10
neighborhood: 11
neighborhood: 12
reward in this iteration is  249005.10562414268
This iteration costs  6.711298104127248 mins
Iteration  105 :
neighborhood: 44
neighborhood: 45
neighborhood: 46
neighborhood: 52
neighborhood: 54
neighborhood: 60
neighborhood: 61
neighborhood: 62
reward in this iteration is  245429.2663673775
This iteration costs  10.81721765200297 mins
Iteration  106 :
neighborhood: 34
neighborhood: 35
neighborhood: 36
neighborhood: 42
neighborhood: 44
neighborhood: 50
neighborhood: 51
neighborhood: 52
reward in this iteration is  251926.76430976432
This iteration costs  10.043799146016438 mins
Iteration  107 :
neighborhood: 9
neighborhood: 10
neighborhood: 11
neighborhood: 17
neighborhood: 19
neighborhood: 25
neighborhood: 26
neighborhood: 27
reward in this iteration is  246940.46402294553
This iteration costs  9.097579149405162 mins
Iteration  108 :
neighborhood: 45
neighborhood: 46
neighborhood: 47
neighborhood: 53
neighborhood: 55
neighborhood: 61
neighborhood: 62
neighborhood: 63
reward in this iteration is  247824.72789624642
This iteration costs  10.80082183678945 mins
Iteration  109 :
neighborhood: 52
neighborhood: 53
neighborhood: 54
neighborhood: 60
neighborhood: 62
reward in this iteration is  240024.70258136926
This iteration costs  6.9236482580502825 mins
write result
Iteration  110 :
neighborhood: 24
neighborhood: 25
neighborhood: 26
neighborhood: 32
neighborhood: 34
neighborhood: 40
neighborhood: 41
neighborhood: 42
reward in this iteration is  251059.19191919194
This iteration costs  11.058371059099834 mins
Iteration  111 :
neighborhood: 36
neighborhood: 37
neighborhood: 38
neighborhood: 44
neighborhood: 46
neighborhood: 52
neighborhood: 53
neighborhood: 54
reward in this iteration is  273872.85048010974
This iteration costs  12.655517522493998 mins
Iteration  112 :
neighborhood: 18
neighborhood: 19
neighborhood: 20
neighborhood: 26
neighborhood: 28
neighborhood: 34
neighborhood: 35
neighborhood: 36
reward in this iteration is  279859.0198279087
This iteration costs  14.456681295235951 mins
Iteration  113 :
neighborhood: 41
neighborhood: 42
neighborhood: 43
neighborhood: 49
neighborhood: 51
neighborhood: 57
neighborhood: 58
neighborhood: 59
reward in this iteration is  283847.4622770919
This iteration costs  14.841298321882883 mins
Iteration  114 :
neighborhood: 26
neighborhood: 27
neighborhood: 28
neighborhood: 34
neighborhood: 36
neighborhood: 42
neighborhood: 43
neighborhood: 44
reward in this iteration is  284978.4187554558
This iteration costs  14.77590678135554 mins
Iteration  115 :
neighborhood: 36
neighborhood: 37
neighborhood: 38
neighborhood: 44
neighborhood: 46
neighborhood: 52
neighborhood: 53
neighborhood: 54
reward in this iteration is  273595.28806584363
This iteration costs  14.416823462645214 mins
Iteration  116 :
neighborhood: 44
neighborhood: 45
neighborhood: 46
neighborhood: 52
neighborhood: 54
neighborhood: 60
neighborhood: 61
neighborhood: 62
reward in this iteration is  271133.5816186557
This iteration costs  10.970149759451548 mins
Iteration  117 :
neighborhood: 6
neighborhood: 14
neighborhood: 15
reward in this iteration is  268520.27734131436
This iteration costs  4.009991693496704 mins
Iteration  118 :
neighborhood: 8
neighborhood: 9
neighborhood: 17
neighborhood: 24
neighborhood: 25
reward in this iteration is  257563.38496071828
This iteration costs  6.440602262814839 mins
Iteration  119 :
neighborhood: 33
neighborhood: 34
neighborhood: 35
neighborhood: 41
neighborhood: 43
neighborhood: 49
neighborhood: 50
neighborhood: 51
reward in this iteration is  273817.3261005113
This iteration costs  10.12498748699824 mins
write result
Iteration  120 :
neighborhood: 26
neighborhood: 27
neighborhood: 28
neighborhood: 34
neighborhood: 36
neighborhood: 42
neighborhood: 43
neighborhood: 44
reward in this iteration is  268694.3163736127
This iteration costs  9.525966048240662 mins
Iteration  121 :
neighborhood: 41
neighborhood: 42
neighborhood: 43
neighborhood: 49
neighborhood: 51
neighborhood: 57
neighborhood: 58
neighborhood: 59
reward in this iteration is  268002.4281082429
This iteration costs  10.928331820170085 mins
Iteration  122 :
neighborhood: 48
neighborhood: 49
neighborhood: 50
neighborhood: 56
neighborhood: 58
reward in this iteration is  263271.83913206134
This iteration costs  6.7375853061676025 mins
Iteration  123 :
neighborhood: 3
neighborhood: 5
neighborhood: 11
neighborhood: 12
neighborhood: 13
reward in this iteration is  266860.8594587854
This iteration costs  6.748211661974589 mins
Iteration  124 :
neighborhood: 32
neighborhood: 33
neighborhood: 41
neighborhood: 48
neighborhood: 49
reward in this iteration is  266533.435341065
This iteration costs  5.669542511304219 mins
Iteration  125 :
neighborhood: 38
neighborhood: 39
neighborhood: 46
neighborhood: 54
neighborhood: 55
reward in this iteration is  272290.5758822796
This iteration costs  6.389012845357259 mins
Iteration  126 :
neighborhood: 2
neighborhood: 3
neighborhood: 4
neighborhood: 10
neighborhood: 12
neighborhood: 18
neighborhood: 19
neighborhood: 20
reward in this iteration is  258986.61915450805
This iteration costs  10.53910636107127 mins
Iteration  127 :
neighborhood: 38
neighborhood: 39
neighborhood: 46
neighborhood: 54
neighborhood: 55
reward in this iteration is  273818.8216735254
This iteration costs  6.56348116795222 mins
Iteration  128 :
neighborhood: 45
neighborhood: 46
neighborhood: 47
neighborhood: 53
neighborhood: 55
neighborhood: 61
neighborhood: 62
neighborhood: 63
reward in this iteration is  258543.75620401546
This iteration costs  10.744578226407368 mins
Iteration  129 :
neighborhood: 38
neighborhood: 39
neighborhood: 46
neighborhood: 54
neighborhood: 55
reward in this iteration is  268812.4551689737
This iteration costs  6.839941847324371 mins
write result
Iteration  130 :
neighborhood: 34
neighborhood: 35
neighborhood: 36
neighborhood: 42
neighborhood: 44
neighborhood: 50
neighborhood: 51
neighborhood: 52
reward in this iteration is  278683.83913206134
This iteration costs  10.586554157733918 mins
Iteration  131 :
neighborhood: 11
neighborhood: 12
neighborhood: 13
neighborhood: 19
neighborhood: 21
neighborhood: 27
neighborhood: 28
neighborhood: 29
reward in this iteration is  298872.36712807085
This iteration costs  10.923522853851319 mins
Iteration  132 :
neighborhood: 11
neighborhood: 12
neighborhood: 13
neighborhood: 19
neighborhood: 21
neighborhood: 27
neighborhood: 28
neighborhood: 29
reward in this iteration is  285717.5394687617
This iteration costs  10.86103708744049 mins
Iteration  133 :
neighborhood: 45
neighborhood: 46
neighborhood: 47
neighborhood: 53
neighborhood: 55
neighborhood: 61
neighborhood: 62
neighborhood: 63
reward in this iteration is  289141.9012345679
This iteration costs  11.558059906959533 mins
Iteration  134 :
neighborhood: 26
neighborhood: 27
neighborhood: 28
neighborhood: 34
neighborhood: 36
neighborhood: 42
neighborhood: 43
neighborhood: 44
reward in this iteration is  301273.02868188056
This iteration costs  11.012266910076141 mins
Iteration  135 :
neighborhood: 2
neighborhood: 3
neighborhood: 4
neighborhood: 10
neighborhood: 12
neighborhood: 18
neighborhood: 19
neighborhood: 20
reward in this iteration is  276493.14241177205
This iteration costs  11.334856617450715 mins
Iteration  136 :
neighborhood: 2
neighborhood: 3
neighborhood: 4
neighborhood: 10
neighborhood: 12
neighborhood: 18
neighborhood: 19
neighborhood: 20
reward in this iteration is  297518.73612669914
This iteration costs  11.385009944438934 mins
Iteration  137 :
neighborhood: 42
neighborhood: 43
neighborhood: 44
neighborhood: 50
neighborhood: 52
neighborhood: 58
neighborhood: 59
neighborhood: 60
reward in this iteration is  296092.1372989151
This iteration costs  11.453319438298543 mins
Iteration  138 :
neighborhood: 44
neighborhood: 45
neighborhood: 46
neighborhood: 52
neighborhood: 54
neighborhood: 60
neighborhood: 61
neighborhood: 62
reward in this iteration is  297005.49282952986
This iteration costs  11.116124208768209 mins
Iteration  139 :
neighborhood: 40
neighborhood: 41
neighborhood: 42
neighborhood: 48
neighborhood: 50
neighborhood: 56
neighborhood: 57
neighborhood: 58
reward in this iteration is  270148.3177453548
This iteration costs  10.9356170018514 mins
write result
Iteration  140 :
neighborhood: 49
neighborhood: 50
neighborhood: 51
neighborhood: 57
neighborhood: 59
reward in this iteration is  287199.26574385836
This iteration costs  6.899820566177368 mins
Iteration  141 :
neighborhood: 16
neighborhood: 17
neighborhood: 18
neighborhood: 24
neighborhood: 26
neighborhood: 32
neighborhood: 33
neighborhood: 34
reward in this iteration is  289099.81543833396
This iteration costs  11.029345266024272 mins
Iteration  142 :
neighborhood: 21
neighborhood: 22
neighborhood: 23
neighborhood: 29
neighborhood: 31
neighborhood: 37
neighborhood: 38
neighborhood: 39
reward in this iteration is  283344.89686993393
This iteration costs  10.992184487978617 mins
Iteration  143 :
neighborhood: 37
neighborhood: 38
neighborhood: 39
neighborhood: 45
neighborhood: 47
neighborhood: 53
neighborhood: 54
neighborhood: 55
reward in this iteration is  253756.30303030304
This iteration costs  10.934678173065185 mins
Iteration  144 :
neighborhood: 36
neighborhood: 37
neighborhood: 38
neighborhood: 44
neighborhood: 46
neighborhood: 52
neighborhood: 53
neighborhood: 54
reward in this iteration is  293234.5816186557
This iteration costs  11.062117373943329 mins
Iteration  145 :
neighborhood: 3
neighborhood: 5
neighborhood: 11
neighborhood: 12
neighborhood: 13
reward in this iteration is  264043.46763935656
This iteration costs  6.945278080304464 mins
Iteration  146 :
neighborhood: 42
neighborhood: 43
neighborhood: 44
neighborhood: 50
neighborhood: 52
neighborhood: 58
neighborhood: 59
neighborhood: 60
reward in this iteration is  282790.190422746
This iteration costs  11.032474291324615 mins
Iteration  147 :
neighborhood: 2
neighborhood: 4
neighborhood: 10
neighborhood: 11
neighborhood: 12
reward in this iteration is  279786.75907220354
This iteration costs  6.825841303666433 mins
Iteration  148 :
neighborhood: 43
neighborhood: 44
neighborhood: 45
neighborhood: 51
neighborhood: 53
neighborhood: 59
neighborhood: 60
neighborhood: 61
reward in this iteration is  284634.26424741244
This iteration costs  10.226893099149068 mins
Iteration  149 :
neighborhood: 5
neighborhood: 6
neighborhood: 7
neighborhood: 13
neighborhood: 15
neighborhood: 21
neighborhood: 22
neighborhood: 23
reward in this iteration is  268323.07444818557
This iteration costs  11.221060506502788 mins
write result
It costs  1322.5871088465055 mins
Best reward= 240024.70258136926
done
