handle json files: ['H264_Mesh8x8_AIR1_basic.json', 'H264_Mesh8x8_AIR4_basic.json', 'H264_Mesh8x8_AIR8_basic.json', 'H264_Mesh8x8_AIR3_basic.json', 'H264_Mesh8x8_AIR2_basic.json', 'Audiobeam_Mesh8x8_AIR4_basic.json', 'Autocor_Mesh8x8_AIR24_basic.json', 'FMRadio_Mesh8x8_AIR12_basic.json', 'FMRadio_Mesh8x8_AIR4_basic.json', 'Audiobeam_Mesh8x8_AIR2_basic.json', 'Autocor_Mesh8x8_AIR3_basic.json', 'FMRadio_Mesh8x8_AIR3_basic.json', 'Autocor_Mesh8x8_AIR2_basic.json', 'FMRadio_Mesh8x8_AIR2_basic.json', 'Autocor_Mesh8x8_AIR1_basic.json', 'FMRadio_Mesh8x8_AIR1_basic.json', 'Autocor_Mesh8x8_AIR4_basic.json', 'Audiobeam_Mesh8x8_AIR1_basic.json', 'Audiobeam_Mesh8x8_AIR3_basic.json', 'Audiobeam_Mesh8x8_AIR16_basic.json']
H264_Mesh8x8_AIR1_fixedM_ourR_V0.25.json done
H264_Mesh8x8_AIR1_fixedM_ourR_V0.75.json done
H264_Mesh8x8_AIR1_fixedM_ourR_V1.json done
H264_Mesh8x8_AIR4_fixedM_ourR_V0.25.json done
H264_Mesh8x8_AIR4_fixedM_ourR_V0.75.json done
H264_Mesh8x8_AIR4_fixedM_ourR_V1.json done
H264_Mesh8x8_AIR8_fixedM_ourR_V0.25.json done
H264_Mesh8x8_AIR8_fixedM_ourR_V0.75.json done
H264_Mesh8x8_AIR8_fixedM_ourR_V1.json done
H264_Mesh8x8_AIR3_fixedM_ourR_V0.25.json done
H264_Mesh8x8_AIR3_fixedM_ourR_V0.75.json done
H264_Mesh8x8_AIR3_fixedM_ourR_V1.json done
H264_Mesh8x8_AIR2_fixedM_ourR_V0.25.json done
H264_Mesh8x8_AIR2_fixedM_ourR_V0.75.json done
H264_Mesh8x8_AIR2_fixedM_ourR_V1.json done
Audiobeam_Mesh8x8_AIR4_fixedM_ourR_V0.25.json done
Audiobeam_Mesh8x8_AIR4_fixedM_ourR_V0.75.json done
Audiobeam_Mesh8x8_AIR4_fixedM_ourR_V1.json done
Autocor_Mesh8x8_AIR24_fixedM_ourR_V0.25.json done
Autocor_Mesh8x8_AIR24_fixedM_ourR_V0.75.json done
Autocor_Mesh8x8_AIR24_fixedM_ourR_V1.json done
FMRadio_Mesh8x8_AIR12_fixedM_ourR_V0.25.json done
FMRadio_Mesh8x8_AIR12_fixedM_ourR_V0.75.json done
FMRadio_Mesh8x8_AIR12_fixedM_ourR_V1.json done
FMRadio_Mesh8x8_AIR4_fixedM_ourR_V0.25.json done
FMRadio_Mesh8x8_AIR4_fixedM_ourR_V0.75.json done
FMRadio_Mesh8x8_AIR4_fixedM_ourR_V1.json done
Audiobeam_Mesh8x8_AIR2_fixedM_ourR_V0.25.json done
Audiobeam_Mesh8x8_AIR2_fixedM_ourR_V0.75.json done
Audiobeam_Mesh8x8_AIR2_fixedM_ourR_V1.json done
Autocor_Mesh8x8_AIR3_fixedM_ourR_V0.25.json done
Autocor_Mesh8x8_AIR3_fixedM_ourR_V0.75.json done
Autocor_Mesh8x8_AIR3_fixedM_ourR_V1.json done
FMRadio_Mesh8x8_AIR3_fixedM_ourR_V0.25.json done
FMRadio_Mesh8x8_AIR3_fixedM_ourR_V0.75.json done
FMRadio_Mesh8x8_AIR3_fixedM_ourR_V1.json done
Autocor_Mesh8x8_AIR2_fixedM_ourR_V0.25.json done
Autocor_Mesh8x8_AIR2_fixedM_ourR_V0.75.json done
Autocor_Mesh8x8_AIR2_fixedM_ourR_V1.json done
FMRadio_Mesh8x8_AIR2_fixedM_ourR_V0.25.json done
FMRadio_Mesh8x8_AIR2_fixedM_ourR_V0.75.json done
FMRadio_Mesh8x8_AIR2_fixedM_ourR_V1.json done
Autocor_Mesh8x8_AIR1_fixedM_ourR_V0.25.json done
Autocor_Mesh8x8_AIR1_fixedM_ourR_V0.75.json done
Autocor_Mesh8x8_AIR1_fixedM_ourR_V1.json done
FMRadio_Mesh8x8_AIR1_fixedM_ourR_V0.25.json done
FMRadio_Mesh8x8_AIR1_fixedM_ourR_V0.75.json done
FMRadio_Mesh8x8_AIR1_fixedM_ourR_V1.json done
Autocor_Mesh8x8_AIR4_fixedM_ourR_V0.25.json done
Autocor_Mesh8x8_AIR4_fixedM_ourR_V0.75.json done
Autocor_Mesh8x8_AIR4_fixedM_ourR_V1.json done
Audiobeam_Mesh8x8_AIR1_fixedM_ourR_V0.25.json done
Audiobeam_Mesh8x8_AIR1_fixedM_ourR_V0.75.json done
Audiobeam_Mesh8x8_AIR1_fixedM_ourR_V1.json done
Audiobeam_Mesh8x8_AIR3_fixedM_ourR_V0.25.json done
Audiobeam_Mesh8x8_AIR3_fixedM_ourR_V0.75.json done
Audiobeam_Mesh8x8_AIR3_fixedM_ourR_V1.json done
Audiobeam_Mesh8x8_AIR16_fixedM_ourR_V0.25.json done
Audiobeam_Mesh8x8_AIR16_fixedM_ourR_V0.75.json done
Audiobeam_Mesh8x8_AIR16_fixedM_ourR_V1.json done
