{0: 6, 1: 3, 2: 9, 3: 11, 4: 23, 5: 37, 6: 52, 7: 44, 8: 10, 9: 52, 10: 13, 11: 29}
Iteration  0 :
neighborhood: 43
neighborhood: 44
neighborhood: 45
neighborhood: 51
neighborhood: 53
neighborhood: 59
neighborhood: 60
neighborhood: 61
reward in this iteration is  794.8073585560569
This iteration costs  3.44954301516215 mins
Iteration  1 :
neighborhood: 20
neighborhood: 21
neighborhood: 22
neighborhood: 28
neighborhood: 30
neighborhood: 36
neighborhood: 37
neighborhood: 38
reward in this iteration is  882.1145435612634
This iteration costs  5.935916268825531 mins
Iteration  2 :
neighborhood: 19
neighborhood: 20
neighborhood: 21
neighborhood: 27
neighborhood: 29
neighborhood: 35
neighborhood: 36
neighborhood: 37
reward in this iteration is  819.9725789656369
This iteration costs  6.133944114049275 mins
Iteration  3 :
neighborhood: 0
neighborhood: 1
neighborhood: 2
neighborhood: 8
neighborhood: 10
neighborhood: 16
neighborhood: 17
neighborhood: 18
reward in this iteration is  930.2429711905589
This iteration costs  6.662618354956309 mins
Iteration  4 :
neighborhood: 5
neighborhood: 7
neighborhood: 13
neighborhood: 14
neighborhood: 15
reward in this iteration is  1174.99132245748
This iteration costs  3.52956109046936 mins
Iteration  5 :
neighborhood: 14
neighborhood: 15
neighborhood: 22
neighborhood: 30
neighborhood: 31
reward in this iteration is  1182.8070114543561
This iteration costs  2.9661006768544516 mins
Iteration  6 :
neighborhood: 5
neighborhood: 6
neighborhood: 7
neighborhood: 13
neighborhood: 15
neighborhood: 21
neighborhood: 22
neighborhood: 23
reward in this iteration is  938.058660187435
This iteration costs  5.566729414463043 mins
Iteration  7 :
neighborhood: 6
neighborhood: 7
neighborhood: 14
neighborhood: 22
neighborhood: 23
reward in this iteration is  930.2429711905589
This iteration costs  3.4455489118893943 mins
Iteration  8 :
neighborhood: 35
neighborhood: 36
neighborhood: 37
neighborhood: 43
neighborhood: 45
neighborhood: 51
neighborhood: 52
neighborhood: 53
reward in this iteration is  1058.0083304408192
This iteration costs  5.808006850878398 mins
Iteration  9 :
neighborhood: 43
neighborhood: 44
neighborhood: 45
neighborhood: 51
neighborhood: 53
neighborhood: 59
neighborhood: 60
neighborhood: 61
reward in this iteration is  1114.5949323151683
This iteration costs  5.215226626396179 mins
write result
Iteration  10 :
neighborhood: 2
neighborhood: 3
neighborhood: 4
neighborhood: 10
neighborhood: 12
neighborhood: 18
neighborhood: 19
neighborhood: 20
reward in this iteration is  1105.7427976397084
This iteration costs  4.857959147294363 mins
Iteration  11 :
neighborhood: 14
neighborhood: 15
neighborhood: 22
neighborhood: 30
neighborhood: 31
reward in this iteration is  1114.3210690732385
This iteration costs  2.8089288194974262 mins
Iteration  12 :
neighborhood: 5
neighborhood: 7
neighborhood: 13
neighborhood: 14
neighborhood: 15
reward in this iteration is  1359.0694203401597
This iteration costs  2.638618767261505 mins
Iteration  13 :
neighborhood: 1
neighborhood: 3
neighborhood: 9
neighborhood: 10
neighborhood: 11
reward in this iteration is  1356.0833044081915
This iteration costs  2.8100655754407247 mins
Iteration  14 :
neighborhood: 34
neighborhood: 35
neighborhood: 36
neighborhood: 42
neighborhood: 44
neighborhood: 50
neighborhood: 51
neighborhood: 52
reward in this iteration is  1244.977438389448
This iteration costs  4.795201023419698 mins
Iteration  15 :
neighborhood: 5
neighborhood: 6
neighborhood: 7
neighborhood: 13
neighborhood: 15
neighborhood: 21
neighborhood: 22
neighborhood: 23
reward in this iteration is  991.547379382159
This iteration costs  5.12731210788091 mins
Iteration  16 :
neighborhood: 28
neighborhood: 29
neighborhood: 30
neighborhood: 36
neighborhood: 38
neighborhood: 44
neighborhood: 45
neighborhood: 46
reward in this iteration is  1011.0919819507117
This iteration costs  4.79456817706426 mins
Iteration  17 :
neighborhood: 20
neighborhood: 21
neighborhood: 22
neighborhood: 28
neighborhood: 30
neighborhood: 36
neighborhood: 37
neighborhood: 38
reward in this iteration is  987.5584866365846
This iteration costs  4.52639635403951 mins
Iteration  18 :
neighborhood: 1
neighborhood: 2
neighborhood: 3
neighborhood: 9
neighborhood: 11
neighborhood: 17
neighborhood: 18
neighborhood: 19
reward in this iteration is  871.4220756681708
This iteration costs  6.023614581425985 mins
Iteration  19 :
neighborhood: 1
neighborhood: 2
neighborhood: 3
neighborhood: 9
neighborhood: 11
neighborhood: 17
neighborhood: 18
neighborhood: 19
reward in this iteration is  1000.4970496355432
This iteration costs  7.900907472769419 mins
write result
Iteration  20 :
neighborhood: 5
neighborhood: 7
neighborhood: 13
neighborhood: 14
neighborhood: 15
reward in this iteration is  1249.8292259632071
This iteration costs  5.271540081501007 mins
Iteration  21 :
neighborhood: 1
neighborhood: 2
neighborhood: 3
neighborhood: 9
neighborhood: 11
neighborhood: 17
neighborhood: 18
neighborhood: 19
reward in this iteration is  1246.0694203401597
This iteration costs  8.611119556427003 mins
Iteration  22 :
neighborhood: 20
neighborhood: 21
neighborhood: 22
neighborhood: 28
neighborhood: 30
neighborhood: 36
neighborhood: 37
neighborhood: 38
reward in this iteration is  1332.6726830961472
This iteration costs  8.542426566282908 mins
Iteration  23 :
neighborhood: 6
neighborhood: 7
neighborhood: 14
neighborhood: 22
neighborhood: 23
reward in this iteration is  1330.019090593544
This iteration costs  5.500468099117279 mins
Iteration  24 :
neighborhood: 28
neighborhood: 29
neighborhood: 30
neighborhood: 36
neighborhood: 38
neighborhood: 44
neighborhood: 45
neighborhood: 46
reward in this iteration is  1354.1391877820201
This iteration costs  9.289531715710957 mins
Iteration  25 :
neighborhood: 20
neighborhood: 21
neighborhood: 22
neighborhood: 28
neighborhood: 30
neighborhood: 36
neighborhood: 37
neighborhood: 38
reward in this iteration is  1330.019090593544
This iteration costs  8.947651505470276 mins
Iteration  26 :
neighborhood: 42
neighborhood: 43
neighborhood: 44
neighborhood: 50
neighborhood: 52
neighborhood: 58
neighborhood: 59
neighborhood: 60
reward in this iteration is  1269.3262755987505
This iteration costs  9.682380453745525 mins
Iteration  27 :
neighborhood: 8
neighborhood: 9
neighborhood: 10
neighborhood: 16
neighborhood: 18
neighborhood: 24
neighborhood: 25
neighborhood: 26
reward in this iteration is  1127.932662270045
This iteration costs  10.382543130715687 mins
Iteration  28 :
neighborhood: 1
neighborhood: 2
neighborhood: 3
neighborhood: 9
neighborhood: 11
neighborhood: 17
neighborhood: 18
neighborhood: 19
reward in this iteration is  1270.4994793474489
This iteration costs  9.96480341355006 mins
Iteration  29 :
neighborhood: 1
neighborhood: 3
neighborhood: 9
neighborhood: 10
neighborhood: 11
reward in this iteration is  1278.9996528982992
This iteration costs  6.344420389334361 mins
write result
Iteration  30 :
neighborhood: 0
neighborhood: 1
neighborhood: 2
neighborhood: 8
neighborhood: 10
neighborhood: 16
neighborhood: 17
neighborhood: 18
reward in this iteration is  1410.5636931620966
This iteration costs  10.554835724830628 mins
Iteration  31 :
neighborhood: 4
neighborhood: 5
neighborhood: 6
neighborhood: 12
neighborhood: 14
neighborhood: 20
neighborhood: 21
neighborhood: 22
reward in this iteration is  1163.6952447066992
This iteration costs  8.871032532056173 mins
Iteration  32 :
neighborhood: 8
neighborhood: 9
neighborhood: 10
neighborhood: 16
neighborhood: 18
neighborhood: 24
neighborhood: 25
neighborhood: 26
reward in this iteration is  1016.1423116973273
This iteration costs  8.385538979371388 mins
Iteration  33 :
neighborhood: 2
neighborhood: 4
neighborhood: 10
neighborhood: 11
neighborhood: 12
reward in this iteration is  1829.7393266227004
This iteration costs  4.890627562999725 mins
Iteration  34 :
neighborhood: 34
neighborhood: 35
neighborhood: 36
neighborhood: 42
neighborhood: 44
neighborhood: 50
neighborhood: 51
neighborhood: 52
reward in this iteration is  1580.923984727525
This iteration costs  6.185102764765421 mins
Iteration  35 :
neighborhood: 1
neighborhood: 2
neighborhood: 3
neighborhood: 9
neighborhood: 11
neighborhood: 17
neighborhood: 18
neighborhood: 19
reward in this iteration is  1723.8427629295384
This iteration costs  6.715108470122019 mins
Iteration  36 :
neighborhood: 14
neighborhood: 15
neighborhood: 22
neighborhood: 30
neighborhood: 31
reward in this iteration is  1725.2755987504338
This iteration costs  4.273828852176666 mins
Iteration  37 :
neighborhood: 2
neighborhood: 3
neighborhood: 4
neighborhood: 10
neighborhood: 12
neighborhood: 18
neighborhood: 19
neighborhood: 20
reward in this iteration is  1727.158278375564
This iteration costs  7.914663684368134 mins
Iteration  38 :
neighborhood: 5
neighborhood: 7
neighborhood: 13
neighborhood: 14
neighborhood: 15
reward in this iteration is  1967.9177368969108
This iteration costs  4.798876829942068 mins
Iteration  39 :
neighborhood: 8
neighborhood: 9
neighborhood: 10
neighborhood: 16
neighborhood: 18
neighborhood: 24
neighborhood: 25
neighborhood: 26
reward in this iteration is  1825.0576188823325
This iteration costs  7.261323054631551 mins
write result
Iteration  40 :
neighborhood: 4
neighborhood: 5
neighborhood: 6
neighborhood: 12
neighborhood: 14
neighborhood: 20
neighborhood: 21
neighborhood: 22
reward in this iteration is  2052.1690385282886
This iteration costs  7.235538601875305 mins
Iteration  41 :
neighborhood: 19
neighborhood: 20
neighborhood: 21
neighborhood: 27
neighborhood: 29
neighborhood: 35
neighborhood: 36
neighborhood: 37
reward in this iteration is  1970.3172509545298
This iteration costs  7.455804189046224 mins
Iteration  42 :
neighborhood: 5
neighborhood: 6
neighborhood: 7
neighborhood: 13
neighborhood: 15
neighborhood: 21
neighborhood: 22
neighborhood: 23
reward in this iteration is  1720.93474488025
This iteration costs  6.217440108458201 mins
Iteration  43 :
neighborhood: 43
neighborhood: 44
neighborhood: 45
neighborhood: 51
neighborhood: 53
neighborhood: 59
neighborhood: 60
neighborhood: 61
reward in this iteration is  1970.9232905241236
This iteration costs  6.483198793729146 mins
Iteration  44 :
neighborhood: 1
neighborhood: 2
neighborhood: 3
neighborhood: 9
neighborhood: 11
neighborhood: 17
neighborhood: 18
neighborhood: 19
reward in this iteration is  1828.3311350225615
This iteration costs  6.2613897522290545 mins
Iteration  45 :
neighborhood: 28
neighborhood: 29
neighborhood: 30
neighborhood: 36
neighborhood: 38
neighborhood: 44
neighborhood: 45
neighborhood: 46
reward in this iteration is  1850.0461645262062
This iteration costs  7.403278120358785 mins
Iteration  46 :
neighborhood: 1
neighborhood: 2
neighborhood: 3
neighborhood: 9
neighborhood: 11
neighborhood: 17
neighborhood: 18
neighborhood: 19
reward in this iteration is  2015.4904547032281
This iteration costs  7.618774592876434 mins
Iteration  47 :
neighborhood: 43
neighborhood: 44
neighborhood: 45
neighborhood: 51
neighborhood: 53
neighborhood: 59
neighborhood: 60
neighborhood: 61
reward in this iteration is  2052.4258937868794
This iteration costs  7.88721535205841 mins
Iteration  48 :
neighborhood: 12
neighborhood: 13
neighborhood: 14
neighborhood: 20
neighborhood: 22
neighborhood: 28
neighborhood: 29
neighborhood: 30
reward in this iteration is  1817.3953488372092
This iteration costs  7.564052947362264 mins
Iteration  49 :
neighborhood: 0
neighborhood: 1
neighborhood: 2
neighborhood: 8
neighborhood: 10
neighborhood: 16
neighborhood: 17
neighborhood: 18
reward in this iteration is  1963.9177368969108
This iteration costs  7.283676075935364 mins
write result
Iteration  50 :
neighborhood: 20
neighborhood: 21
neighborhood: 22
neighborhood: 28
neighborhood: 30
neighborhood: 36
neighborhood: 37
neighborhood: 38
reward in this iteration is  1941.029503644568
This iteration costs  6.098586233456929 mins
Iteration  51 :
neighborhood: 20
neighborhood: 21
neighborhood: 22
neighborhood: 28
neighborhood: 30
neighborhood: 36
neighborhood: 37
neighborhood: 38
reward in this iteration is  2016.7219715376607
This iteration costs  6.3304519613583885 mins
Iteration  52 :
neighborhood: 5
neighborhood: 7
neighborhood: 13
neighborhood: 14
neighborhood: 15
reward in this iteration is  2261.4703228045814
This iteration costs  3.7900647044181826 mins
Iteration  53 :
neighborhood: 1
neighborhood: 2
neighborhood: 3
neighborhood: 9
neighborhood: 11
neighborhood: 17
neighborhood: 18
neighborhood: 19
reward in this iteration is  2135.7723012842766
This iteration costs  6.048271910349528 mins
Iteration  54 :
neighborhood: 42
neighborhood: 43
neighborhood: 44
neighborhood: 50
neighborhood: 52
neighborhood: 58
neighborhood: 59
neighborhood: 60
reward in this iteration is  2089.157931273863
This iteration costs  6.9164205431938175 mins
Iteration  55 :
neighborhood: 8
neighborhood: 9
neighborhood: 10
neighborhood: 16
neighborhood: 18
neighborhood: 24
neighborhood: 25
neighborhood: 26
reward in this iteration is  1939.3759111419645
This iteration costs  6.881723845005036 mins
Iteration  56 :
neighborhood: 1
neighborhood: 2
neighborhood: 3
neighborhood: 9
neighborhood: 11
neighborhood: 17
neighborhood: 18
neighborhood: 19
reward in this iteration is  2089.861853523082
This iteration costs  6.335514307022095 mins
Iteration  57 :
neighborhood: 4
neighborhood: 5
neighborhood: 6
neighborhood: 12
neighborhood: 14
neighborhood: 20
neighborhood: 21
neighborhood: 22
reward in this iteration is  2307.939604304061
This iteration costs  4.709319078922272 mins
Iteration  58 :
neighborhood: 1
neighborhood: 3
neighborhood: 9
neighborhood: 10
neighborhood: 11
reward in this iteration is  2317.7077403679277
This iteration costs  2.855918522675832 mins
Iteration  59 :
neighborhood: 21
neighborhood: 22
neighborhood: 23
neighborhood: 29
neighborhood: 31
neighborhood: 37
neighborhood: 38
neighborhood: 39
reward in this iteration is  2306.6546338077055
This iteration costs  4.672914091746012 mins
write result
Iteration  60 :
neighborhood: 34
neighborhood: 35
neighborhood: 36
neighborhood: 42
neighborhood: 44
neighborhood: 50
neighborhood: 51
neighborhood: 52
reward in this iteration is  2073.5602221450886
This iteration costs  4.39139078060786 mins
Iteration  61 :
neighborhood: 35
neighborhood: 36
neighborhood: 37
neighborhood: 43
neighborhood: 45
neighborhood: 51
neighborhood: 52
neighborhood: 53
reward in this iteration is  2198.157931273863
This iteration costs  4.5536367734273275 mins
Iteration  62 :
neighborhood: 0
neighborhood: 1
neighborhood: 2
neighborhood: 8
neighborhood: 10
neighborhood: 16
neighborhood: 17
neighborhood: 18
reward in this iteration is  2333.710864283235
This iteration costs  4.535066998004913 mins
Iteration  63 :
neighborhood: 28
neighborhood: 29
neighborhood: 30
neighborhood: 36
neighborhood: 38
neighborhood: 44
neighborhood: 45
neighborhood: 46
reward in this iteration is  2337.4172162443597
This iteration costs  4.095988790194194 mins
Iteration  64 :
neighborhood: 5
neighborhood: 6
neighborhood: 7
neighborhood: 13
neighborhood: 15
neighborhood: 21
neighborhood: 22
neighborhood: 23
reward in this iteration is  2113.962513016314
This iteration costs  4.157507963975271 mins
Iteration  65 :
neighborhood: 19
neighborhood: 20
neighborhood: 21
neighborhood: 27
neighborhood: 29
neighborhood: 35
neighborhood: 36
neighborhood: 37
reward in this iteration is  2004.8923984727526
This iteration costs  4.196350375811259 mins
Iteration  66 :
neighborhood: 1
neighborhood: 2
neighborhood: 3
neighborhood: 9
neighborhood: 11
neighborhood: 17
neighborhood: 18
neighborhood: 19
reward in this iteration is  1891.8063172509546
This iteration costs  3.979652229944865 mins
Iteration  67 :
neighborhood: 3
neighborhood: 4
neighborhood: 5
neighborhood: 11
neighborhood: 13
neighborhood: 19
neighborhood: 20
neighborhood: 21
reward in this iteration is  1075.4522735161402
This iteration costs  4.65114810069402 mins
Iteration  68 :
neighborhood: 0
neighborhood: 1
neighborhood: 2
neighborhood: 8
neighborhood: 10
neighborhood: 16
neighborhood: 17
neighborhood: 18
reward in this iteration is  1211.3571676501217
This iteration costs  5.022133656342825 mins
Iteration  69 :
neighborhood: 14
neighborhood: 15
neighborhood: 22
neighborhood: 30
neighborhood: 31
reward in this iteration is  1216.650468587296
This iteration costs  2.913881222407023 mins
write result
Iteration  70 :
neighborhood: 34
neighborhood: 35
neighborhood: 36
neighborhood: 42
neighborhood: 44
neighborhood: 50
neighborhood: 51
neighborhood: 52
reward in this iteration is  1100.26518569941
This iteration costs  4.414957431952159 mins
Iteration  71 :
neighborhood: 8
neighborhood: 9
neighborhood: 10
neighborhood: 16
neighborhood: 18
neighborhood: 24
neighborhood: 25
neighborhood: 26
reward in this iteration is  947.5501561957653
This iteration costs  4.600448183218638 mins
Iteration  72 :
neighborhood: 1
neighborhood: 2
neighborhood: 3
neighborhood: 9
neighborhood: 11
neighborhood: 17
neighborhood: 18
neighborhood: 19
reward in this iteration is  813.9916695591809
This iteration costs  4.470314761002858 mins
Iteration  73 :
neighborhood: 0
neighborhood: 1
neighborhood: 2
neighborhood: 8
neighborhood: 10
neighborhood: 16
neighborhood: 17
neighborhood: 18
reward in this iteration is  947.5501561957653
This iteration costs  5.079906189441681 mins
Iteration  74 :
neighborhood: 0
neighborhood: 2
neighborhood: 8
neighborhood: 9
neighborhood: 10
reward in this iteration is  940.1339812565083
This iteration costs  2.7382678190867105 mins
Iteration  75 :
neighborhood: 43
neighborhood: 44
neighborhood: 45
neighborhood: 51
neighborhood: 53
neighborhood: 59
neighborhood: 60
neighborhood: 61
reward in this iteration is  998.5390489413398
This iteration costs  4.3704196890195215 mins
Iteration  76 :
neighborhood: 20
neighborhood: 21
neighborhood: 22
neighborhood: 28
neighborhood: 30
neighborhood: 36
neighborhood: 37
neighborhood: 38
reward in this iteration is  1079.8628948281848
This iteration costs  3.9122161587079365 mins
Iteration  77 :
neighborhood: 43
neighborhood: 44
neighborhood: 45
neighborhood: 51
neighborhood: 53
neighborhood: 59
neighborhood: 60
neighborhood: 61
reward in this iteration is  1324.5720236029158
This iteration costs  3.840086829662323 mins
Iteration  78 :
neighborhood: 42
neighborhood: 43
neighborhood: 44
neighborhood: 50
neighborhood: 52
neighborhood: 58
neighborhood: 59
neighborhood: 60
reward in this iteration is  1273.7927802846234
This iteration costs  3.5725927035013836 mins
Iteration  79 :
neighborhood: 34
neighborhood: 35
neighborhood: 36
neighborhood: 42
neighborhood: 44
neighborhood: 50
neighborhood: 51
neighborhood: 52
reward in this iteration is  1029.318292259632
This iteration costs  4.023047089576721 mins
write result
Iteration  80 :
neighborhood: 43
neighborhood: 44
neighborhood: 45
neighborhood: 51
neighborhood: 53
neighborhood: 59
neighborhood: 60
neighborhood: 61
reward in this iteration is  1078.220409580007
This iteration costs  4.2540918747584024 mins
Iteration  81 :
neighborhood: 1
neighborhood: 2
neighborhood: 3
neighborhood: 9
neighborhood: 11
neighborhood: 17
neighborhood: 18
neighborhood: 19
reward in this iteration is  944.3686220062478
This iteration costs  4.073135538895925 mins
Iteration  82 :
neighborhood: 43
neighborhood: 44
neighborhood: 45
neighborhood: 51
neighborhood: 53
neighborhood: 59
neighborhood: 60
neighborhood: 61
reward in this iteration is  1206.0892051371052
This iteration costs  4.446629238128662 mins
Iteration  83 :
neighborhood: 12
neighborhood: 13
neighborhood: 14
neighborhood: 20
neighborhood: 22
neighborhood: 28
neighborhood: 29
neighborhood: 30
reward in this iteration is  964.4887191947241
This iteration costs  3.984198780854543 mins
Iteration  84 :
neighborhood: 34
neighborhood: 35
neighborhood: 36
neighborhood: 42
neighborhood: 44
neighborhood: 50
neighborhood: 51
neighborhood: 52
reward in this iteration is  713.1509892398474
This iteration costs  3.8623807708422344 mins
Iteration  85 :
neighborhood: 20
neighborhood: 21
neighborhood: 22
neighborhood: 28
neighborhood: 30
neighborhood: 36
neighborhood: 37
neighborhood: 38
reward in this iteration is  714.2547726483859
This iteration costs  4.090763294696808 mins
Iteration  86 :
neighborhood: 35
neighborhood: 36
neighborhood: 37
neighborhood: 43
neighborhood: 45
neighborhood: 51
neighborhood: 52
neighborhood: 53
reward in this iteration is  809.5810482471364
This iteration costs  4.259808067480723 mins
Iteration  87 :
neighborhood: 42
neighborhood: 43
neighborhood: 44
neighborhood: 50
neighborhood: 52
neighborhood: 58
neighborhood: 59
neighborhood: 60
reward in this iteration is  777.2211037834086
This iteration costs  4.084080223242442 mins
Iteration  88 :
neighborhood: 6
neighborhood: 7
neighborhood: 14
neighborhood: 22
neighborhood: 23
reward in this iteration is  754.9163484901076
This iteration costs  2.82858323653539 mins
Iteration  89 :
neighborhood: 4
neighborhood: 5
neighborhood: 6
neighborhood: 12
neighborhood: 14
neighborhood: 20
neighborhood: 21
neighborhood: 22
reward in this iteration is  986.4859423811176
This iteration costs  4.902123947938283 mins
write result
Iteration  90 :
neighborhood: 12
neighborhood: 13
neighborhood: 14
neighborhood: 20
neighborhood: 22
neighborhood: 28
neighborhood: 29
neighborhood: 30
reward in this iteration is  769.8746962860117
This iteration costs  5.060650038719177 mins
Iteration  91 :
neighborhood: 4
neighborhood: 5
neighborhood: 6
neighborhood: 12
neighborhood: 14
neighborhood: 20
neighborhood: 21
neighborhood: 22
reward in this iteration is  980.9718847622353
This iteration costs  4.914614327748617 mins
Iteration  92 :
neighborhood: 0
neighborhood: 1
neighborhood: 2
neighborhood: 8
neighborhood: 10
neighborhood: 16
neighborhood: 17
neighborhood: 18
reward in this iteration is  1120.982992016661
This iteration costs  5.171164441108703 mins
Iteration  93 :
neighborhood: 2
neighborhood: 4
neighborhood: 10
neighborhood: 11
neighborhood: 12
reward in this iteration is  1920.0322804581742
This iteration costs  2.688742264111837 mins
Iteration  94 :
neighborhood: 12
neighborhood: 13
neighborhood: 14
neighborhood: 20
neighborhood: 22
neighborhood: 28
neighborhood: 29
neighborhood: 30
reward in this iteration is  1694.6806664352655
This iteration costs  3.461531953016917 mins
Iteration  95 :
neighborhood: 34
neighborhood: 35
neighborhood: 36
neighborhood: 42
neighborhood: 44
neighborhood: 50
neighborhood: 51
neighborhood: 52
reward in this iteration is  1574.0131898646305
This iteration costs  3.104271586736043 mins
Iteration  96 :
neighborhood: 28
neighborhood: 29
neighborhood: 30
neighborhood: 36
neighborhood: 38
neighborhood: 44
neighborhood: 45
neighborhood: 46
reward in this iteration is  1596.7254425546687
This iteration costs  3.0178261319796245 mins
Iteration  97 :
neighborhood: 1
neighborhood: 2
neighborhood: 3
neighborhood: 9
neighborhood: 11
neighborhood: 17
neighborhood: 18
neighborhood: 19
reward in this iteration is  1467.0385282887887
This iteration costs  3.1495258450508117 mins
Iteration  98 :
neighborhood: 5
neighborhood: 7
neighborhood: 13
neighborhood: 14
neighborhood: 15
reward in this iteration is  1711.78687955571
This iteration costs  2.116841661930084 mins
Iteration  99 :
neighborhood: 43
neighborhood: 44
neighborhood: 45
neighborhood: 51
neighborhood: 53
neighborhood: 59
neighborhood: 60
neighborhood: 61
reward in this iteration is  1957.2585907670948
This iteration costs  3.4825786471366884 mins
write result
Iteration  100 :
neighborhood: 5
neighborhood: 6
neighborhood: 7
neighborhood: 13
neighborhood: 15
neighborhood: 21
neighborhood: 22
neighborhood: 23
reward in this iteration is  1711.9822978132593
This iteration costs  3.538226036230723 mins
Iteration  101 :
neighborhood: 43
neighborhood: 44
neighborhood: 45
neighborhood: 51
neighborhood: 53
neighborhood: 59
neighborhood: 60
neighborhood: 61
reward in this iteration is  1771.2086081221798
This iteration costs  3.7828554073969523 mins
Iteration  102 :
neighborhood: 1
neighborhood: 2
neighborhood: 3
neighborhood: 9
neighborhood: 11
neighborhood: 17
neighborhood: 18
neighborhood: 19
reward in this iteration is  1916.5911141964596
This iteration costs  3.9377580086390176 mins
Iteration  103 :
neighborhood: 35
neighborhood: 36
neighborhood: 37
neighborhood: 43
neighborhood: 45
neighborhood: 51
neighborhood: 52
neighborhood: 53
reward in this iteration is  2041.2474835126693
This iteration costs  4.0944423596064246 mins
Iteration  104 :
neighborhood: 34
neighborhood: 35
neighborhood: 36
neighborhood: 42
neighborhood: 44
neighborhood: 50
neighborhood: 51
neighborhood: 52
reward in this iteration is  1914.7139881985422
This iteration costs  3.9900630831718447 mins
Iteration  105 :
neighborhood: 3
neighborhood: 4
neighborhood: 5
neighborhood: 11
neighborhood: 13
neighborhood: 19
neighborhood: 20
neighborhood: 21
reward in this iteration is  1108.5668170774038
This iteration costs  4.129482181866964 mins
Iteration  106 :
neighborhood: 14
neighborhood: 15
neighborhood: 22
neighborhood: 30
neighborhood: 31
reward in this iteration is  1110.6338077056578
This iteration costs  2.62731614112854 mins
Iteration  107 :
neighborhood: 19
neighborhood: 20
neighborhood: 21
neighborhood: 27
neighborhood: 29
neighborhood: 35
neighborhood: 36
neighborhood: 37
reward in this iteration is  1040.8660187434918
This iteration costs  3.8059552788734434 mins
Iteration  108 :
neighborhood: 42
neighborhood: 43
neighborhood: 44
neighborhood: 50
neighborhood: 52
neighborhood: 58
neighborhood: 59
neighborhood: 60
reward in this iteration is  980.3491843110031
This iteration costs  4.044444847106933 mins
Iteration  109 :
neighborhood: 2
neighborhood: 4
neighborhood: 10
neighborhood: 11
neighborhood: 12
reward in this iteration is  1787.7868795557097
This iteration costs  2.5329224546750386 mins
write result
Iteration  110 :
neighborhood: 5
neighborhood: 7
neighborhood: 13
neighborhood: 14
neighborhood: 15
reward in this iteration is  2032.535230822631
This iteration costs  2.015829296906789 mins
Iteration  111 :
neighborhood: 20
neighborhood: 21
neighborhood: 22
neighborhood: 28
neighborhood: 30
neighborhood: 36
neighborhood: 37
neighborhood: 38
reward in this iteration is  2009.001735508504
This iteration costs  3.0734521706899005 mins
Iteration  112 :
neighborhood: 28
neighborhood: 29
neighborhood: 30
neighborhood: 36
neighborhood: 38
neighborhood: 44
neighborhood: 45
neighborhood: 46
reward in this iteration is  2030.6581048247137
This iteration costs  3.2489095330238342 mins
Iteration  113 :
neighborhood: 8
neighborhood: 9
neighborhood: 10
neighborhood: 16
neighborhood: 18
neighborhood: 24
neighborhood: 25
neighborhood: 26
reward in this iteration is  1885.3929191253037
This iteration costs  3.2068434675534565 mins
Iteration  114 :
neighborhood: 20
neighborhood: 21
neighborhood: 22
neighborhood: 28
neighborhood: 30
neighborhood: 36
neighborhood: 37
neighborhood: 38
reward in this iteration is  1861.8594238111766
This iteration costs  2.845515179634094 mins
Iteration  115 :
neighborhood: 1
neighborhood: 2
neighborhood: 3
neighborhood: 9
neighborhood: 11
neighborhood: 17
neighborhood: 18
neighborhood: 19
reward in this iteration is  2009.001735508504
This iteration costs  3.3171550075213116 mins
Iteration  116 :
neighborhood: 28
neighborhood: 29
neighborhood: 30
neighborhood: 36
neighborhood: 38
neighborhood: 44
neighborhood: 45
neighborhood: 46
reward in this iteration is  2032.535230822631
This iteration costs  3.264653718471527 mins
Iteration  117 :
neighborhood: 34
neighborhood: 35
neighborhood: 36
neighborhood: 42
neighborhood: 44
neighborhood: 50
neighborhood: 51
neighborhood: 52
reward in this iteration is  1787.063519611246
This iteration costs  3.0974581678708395 mins
Iteration  118 :
neighborhood: 20
neighborhood: 21
neighborhood: 22
neighborhood: 28
neighborhood: 30
neighborhood: 36
neighborhood: 37
neighborhood: 38
reward in this iteration is  1873.6667823672335
This iteration costs  3.0516158819198607 mins
Iteration  119 :
neighborhood: 43
neighborhood: 44
neighborhood: 45
neighborhood: 51
neighborhood: 53
neighborhood: 59
neighborhood: 60
neighborhood: 61
reward in this iteration is  1923.038181187088
This iteration costs  3.2201763947804767 mins
write result
Iteration  120 :
neighborhood: 6
neighborhood: 7
neighborhood: 14
neighborhood: 22
neighborhood: 23
reward in this iteration is  1888.1940298507463
This iteration costs  2.2136537432670593 mins
Iteration  121 :
neighborhood: 5
neighborhood: 7
neighborhood: 13
neighborhood: 14
neighborhood: 15
reward in this iteration is  1885.370010413051
This iteration costs  2.079523491859436 mins
Iteration  122 :
neighborhood: 0
neighborhood: 1
neighborhood: 2
neighborhood: 8
neighborhood: 10
neighborhood: 16
neighborhood: 17
neighborhood: 18
reward in this iteration is  2041.3366886497745
This iteration costs  3.802496409416199 mins
Iteration  123 :
neighborhood: 20
neighborhood: 21
neighborhood: 22
neighborhood: 28
neighborhood: 30
neighborhood: 36
neighborhood: 37
neighborhood: 38
reward in this iteration is  2013.1690385282889
This iteration costs  3.027854490280151 mins
Iteration  124 :
neighborhood: 4
neighborhood: 5
neighborhood: 6
neighborhood: 12
neighborhood: 14
neighborhood: 20
neighborhood: 21
neighborhood: 22
reward in this iteration is  2245.9704963554323
This iteration costs  3.493255094687144 mins
Iteration  125 :
neighborhood: 1
neighborhood: 2
neighborhood: 3
neighborhood: 9
neighborhood: 11
neighborhood: 17
neighborhood: 18
neighborhood: 19
reward in this iteration is  2109.7723012842766
This iteration costs  3.470321794350942 mins
Iteration  126 :
neighborhood: 19
neighborhood: 20
neighborhood: 21
neighborhood: 27
neighborhood: 29
neighborhood: 35
neighborhood: 36
neighborhood: 37
reward in this iteration is  2023.1690385282889
This iteration costs  4.1171532789866125 mins
Iteration  127 :
neighborhood: 35
neighborhood: 36
neighborhood: 37
neighborhood: 43
neighborhood: 45
neighborhood: 51
neighborhood: 52
neighborhood: 53
reward in this iteration is  2133.1017007983337
This iteration costs  4.3388366063435875 mins
Iteration  128 :
neighborhood: 4
neighborhood: 6
neighborhood: 12
neighborhood: 13
neighborhood: 14
reward in this iteration is  2144.138146476918
This iteration costs  2.5217967788378397 mins
Iteration  129 :
neighborhood: 5
neighborhood: 6
neighborhood: 7
neighborhood: 13
neighborhood: 15
neighborhood: 21
neighborhood: 22
neighborhood: 23
reward in this iteration is  1885.7806317250954
This iteration costs  4.493766756852468 mins
write result
Iteration  130 :
neighborhood: 12
neighborhood: 13
neighborhood: 14
neighborhood: 20
neighborhood: 22
neighborhood: 28
neighborhood: 29
neighborhood: 30
reward in this iteration is  1669.521346754599
This iteration costs  4.479273339112599 mins
Iteration  131 :
neighborhood: 43
neighborhood: 44
neighborhood: 45
neighborhood: 51
neighborhood: 53
neighborhood: 59
neighborhood: 60
neighborhood: 61
reward in this iteration is  1922.970843457133
This iteration costs  4.330163395404815 mins
Iteration  132 :
neighborhood: 42
neighborhood: 43
neighborhood: 44
neighborhood: 50
neighborhood: 52
neighborhood: 58
neighborhood: 59
neighborhood: 60
reward in this iteration is  1857.761194029851
This iteration costs  4.167873628934225 mins
Iteration  133 :
neighborhood: 5
neighborhood: 7
neighborhood: 13
neighborhood: 14
neighborhood: 15
reward in this iteration is  1871.4793474488024
This iteration costs  2.3861876169840497 mins
Iteration  134 :
neighborhood: 0
neighborhood: 1
neighborhood: 2
neighborhood: 8
neighborhood: 10
neighborhood: 16
neighborhood: 17
neighborhood: 18
reward in this iteration is  1997.2360291565428
This iteration costs  4.3221966822942095 mins
Iteration  135 :
neighborhood: 5
neighborhood: 7
neighborhood: 13
neighborhood: 14
neighborhood: 15
reward in this iteration is  2244.6827490454702
This iteration costs  2.1574795881907147 mins
Iteration  136 :
neighborhood: 1
neighborhood: 2
neighborhood: 3
neighborhood: 9
neighborhood: 11
neighborhood: 17
neighborhood: 18
neighborhood: 19
reward in this iteration is  2112.180145782714
This iteration costs  3.3799233277638754 mins
Iteration  137 :
neighborhood: 5
neighborhood: 6
neighborhood: 7
neighborhood: 13
neighborhood: 15
neighborhood: 21
neighborhood: 22
neighborhood: 23
reward in this iteration is  1868.7809788267962
This iteration costs  3.9846489985783893 mins
Iteration  138 :
neighborhood: 28
neighborhood: 29
neighborhood: 30
neighborhood: 36
neighborhood: 38
neighborhood: 44
neighborhood: 45
neighborhood: 46
reward in this iteration is  1892.3144741409233
This iteration costs  3.9864426175753276 mins
Iteration  139 :
neighborhood: 8
neighborhood: 9
neighborhood: 10
neighborhood: 16
neighborhood: 18
neighborhood: 24
neighborhood: 25
neighborhood: 26
reward in this iteration is  1748.046511627907
This iteration costs  3.953223474820455 mins
write result
Iteration  140 :
neighborhood: 3
neighborhood: 4
neighborhood: 5
neighborhood: 11
neighborhood: 13
neighborhood: 19
neighborhood: 20
neighborhood: 21
reward in this iteration is  942.0166608816384
This iteration costs  4.0192986289660135 mins
Iteration  141 :
neighborhood: 1
neighborhood: 2
neighborhood: 3
neighborhood: 9
neighborhood: 11
neighborhood: 17
neighborhood: 18
neighborhood: 19
reward in this iteration is  942.2457480041653
This iteration costs  3.784965165456136 mins
Iteration  142 :
neighborhood: 1
neighborhood: 3
neighborhood: 9
neighborhood: 10
neighborhood: 11
reward in this iteration is  944.7150295036446
This iteration costs  2.3278824647267657 mins
Iteration  143 :
neighborhood: 0
neighborhood: 1
neighborhood: 2
neighborhood: 8
neighborhood: 10
neighborhood: 16
neighborhood: 17
neighborhood: 18
reward in this iteration is  1076.2204095800068
This iteration costs  3.9908336877822874 mins
Iteration  144 :
neighborhood: 34
neighborhood: 35
neighborhood: 36
neighborhood: 42
neighborhood: 44
neighborhood: 50
neighborhood: 51
neighborhood: 52
reward in this iteration is  964.4106213120444
This iteration costs  3.2851189494132997 mins
Iteration  145 :
neighborhood: 2
neighborhood: 4
neighborhood: 10
neighborhood: 11
neighborhood: 12
reward in this iteration is  1755.6581048247137
This iteration costs  2.2189621766408285 mins
Iteration  146 :
neighborhood: 4
neighborhood: 6
neighborhood: 12
neighborhood: 13
neighborhood: 14
reward in this iteration is  1758.4821242624091
This iteration costs  1.6821857770284017 mins
Iteration  147 :
neighborhood: 4
neighborhood: 5
neighborhood: 6
neighborhood: 12
neighborhood: 14
neighborhood: 20
neighborhood: 21
neighborhood: 22
reward in this iteration is  1991.9875043387715
This iteration costs  3.305177946885427 mins
Iteration  148 :
neighborhood: 3
neighborhood: 4
neighborhood: 5
neighborhood: 11
neighborhood: 13
neighborhood: 19
neighborhood: 20
neighborhood: 21
reward in this iteration is  1185.2537313432836
This iteration costs  3.8685595631599425 mins
Iteration  149 :
neighborhood: 5
neighborhood: 7
neighborhood: 13
neighborhood: 14
neighborhood: 15
reward in this iteration is  1192.4606039569594
This iteration costs  2.440061680475871 mins
write result
It costs  702.3609693845113 mins
Best reward= 713.1509892398474
done
