0.7139423076923076 0.2860576923076923
{0: 9, 1: 36, 2: 30, 3: 48, 4: 51, 5: 25, 6: 53, 7: 17, 8: 16, 9: 33, 10: 28, 11: 30, 12: 43, 13: 2, 14: 38, 15: 28, 16: 33, 17: 29, 18: 18, 19: 50, 20: 21, 21: 54}
Iteration  0 :
neighborhood: 9
neighborhood: 10
neighborhood: 11
neighborhood: 17
neighborhood: 19
neighborhood: 25
neighborhood: 26
neighborhood: 27
reward in this iteration is  797.5432692307692
This iteration costs  13.433965190251667 mins
Iteration  1 :
neighborhood: 42
neighborhood: 43
neighborhood: 44
neighborhood: 50
neighborhood: 52
neighborhood: 58
neighborhood: 59
neighborhood: 60
reward in this iteration is  867.9375
This iteration costs  13.406575520833334 mins
Iteration  2 :
neighborhood: 16
neighborhood: 17
neighborhood: 18
neighborhood: 24
neighborhood: 26
neighborhood: 32
neighborhood: 33
neighborhood: 34
reward in this iteration is  880.7884615384615
This iteration costs  15.108968607584636 mins
Iteration  3 :
neighborhood: 34
neighborhood: 35
neighborhood: 36
neighborhood: 42
neighborhood: 44
neighborhood: 50
neighborhood: 51
neighborhood: 52
reward in this iteration is  851.3125
This iteration costs  15.03274397055308 mins
Iteration  4 :
neighborhood: 20
neighborhood: 21
neighborhood: 22
neighborhood: 28
neighborhood: 30
neighborhood: 36
neighborhood: 37
neighborhood: 38
reward in this iteration is  864.3173076923076
This iteration costs  15.414237344264984 mins
Iteration  5 :
neighborhood: 12
neighborhood: 13
neighborhood: 14
neighborhood: 20
neighborhood: 22
neighborhood: 28
neighborhood: 29
neighborhood: 30
reward in this iteration is  913.5793269230769
This iteration costs  15.262985523541769 mins
Iteration  6 :
neighborhood: 26
neighborhood: 27
neighborhood: 28
neighborhood: 34
neighborhood: 36
neighborhood: 42
neighborhood: 43
neighborhood: 44
reward in this iteration is  910.5793269230769
This iteration costs  14.693065770467122 mins
Iteration  7 :
neighborhood: 0
neighborhood: 1
neighborhood: 2
neighborhood: 8
neighborhood: 10
neighborhood: 16
neighborhood: 17
neighborhood: 18
reward in this iteration is  903.5745192307692
This iteration costs  14.877251382668813 mins
Iteration  8 :
neighborhood: 24
neighborhood: 25
neighborhood: 26
neighborhood: 32
neighborhood: 34
neighborhood: 40
neighborhood: 41
neighborhood: 42
reward in this iteration is  913.2740384615383
This iteration costs  14.708613995711008 mins
Iteration  9 :
neighborhood: 19
neighborhood: 20
neighborhood: 21
neighborhood: 27
neighborhood: 29
neighborhood: 35
neighborhood: 36
neighborhood: 37
reward in this iteration is  930.6971153846154
This iteration costs  15.191710325082143 mins
write result
Iteration  10 :
neighborhood: 0
neighborhood: 1
neighborhood: 2
neighborhood: 8
neighborhood: 10
neighborhood: 16
neighborhood: 17
neighborhood: 18
reward in this iteration is  934.6923076923076
This iteration costs  15.36515515645345 mins
Iteration  11 :
neighborhood: 25
neighborhood: 26
neighborhood: 27
neighborhood: 33
neighborhood: 35
neighborhood: 41
neighborhood: 42
neighborhood: 43
reward in this iteration is  927.8413461538462
This iteration costs  15.182916104793549 mins
Iteration  12 :
neighborhood: 1
neighborhood: 3
neighborhood: 9
neighborhood: 10
neighborhood: 11
reward in this iteration is  935.40625
This iteration costs  9.278077125549316 mins
Iteration  13 :
neighborhood: 21
neighborhood: 22
neighborhood: 23
neighborhood: 29
neighborhood: 31
neighborhood: 37
neighborhood: 38
neighborhood: 39
reward in this iteration is  941.8317307692307
This iteration costs  14.758569161097208 mins
Iteration  14 :
neighborhood: 29
neighborhood: 30
neighborhood: 31
neighborhood: 37
neighborhood: 39
neighborhood: 45
neighborhood: 46
neighborhood: 47
reward in this iteration is  948.2572115384614
This iteration costs  14.426883931954702 mins
Iteration  15 :
neighborhood: 1
neighborhood: 3
neighborhood: 9
neighborhood: 10
neighborhood: 11
reward in this iteration is  961.5480769230769
This iteration costs  8.818171854813894 mins
Iteration  16 :
neighborhood: 18
neighborhood: 19
neighborhood: 20
neighborhood: 26
neighborhood: 28
neighborhood: 34
neighborhood: 35
neighborhood: 36
reward in this iteration is  963.1201923076922
This iteration costs  13.606265525023142 mins
Iteration  17 :
neighborhood: 8
neighborhood: 9
neighborhood: 17
neighborhood: 24
neighborhood: 25
reward in this iteration is  970.4086538461537
This iteration costs  8.368418717384339 mins
Iteration  18 :
neighborhood: 0
neighborhood: 1
neighborhood: 9
neighborhood: 16
neighborhood: 17
reward in this iteration is  982.7115384615383
This iteration costs  8.495279494921366 mins
Iteration  19 :
neighborhood: 8
neighborhood: 9
neighborhood: 10
neighborhood: 16
neighborhood: 18
neighborhood: 24
neighborhood: 25
neighborhood: 26
reward in this iteration is  981.262019230769
This iteration costs  13.31277786095937 mins
write result
Iteration  20 :
neighborhood: 16
neighborhood: 17
neighborhood: 18
neighborhood: 24
neighborhood: 26
neighborhood: 32
neighborhood: 33
neighborhood: 34
reward in this iteration is  974.7091346153845
This iteration costs  13.407582195599874 mins
Iteration  21 :
neighborhood: 44
neighborhood: 45
neighborhood: 46
neighborhood: 52
neighborhood: 54
neighborhood: 60
neighborhood: 61
neighborhood: 62
reward in this iteration is  788.0480769230769
This iteration costs  13.713113609949747 mins
Iteration  22 :
neighborhood: 38
neighborhood: 39
neighborhood: 46
neighborhood: 54
neighborhood: 55
reward in this iteration is  799.0721153846154
This iteration costs  8.49674940109253 mins
Iteration  23 :
neighborhood: 40
neighborhood: 41
neighborhood: 49
neighborhood: 56
neighborhood: 57
reward in this iteration is  870.6538461538461
This iteration costs  8.084645223617553 mins
Iteration  24 :
neighborhood: 24
neighborhood: 25
neighborhood: 26
neighborhood: 32
neighborhood: 34
neighborhood: 40
neighborhood: 41
neighborhood: 42
reward in this iteration is  845.7596153846154
This iteration costs  12.299846696853638 mins
Iteration  25 :
neighborhood: 32
neighborhood: 33
neighborhood: 41
neighborhood: 48
neighborhood: 49
reward in this iteration is  806.889423076923
This iteration costs  5.6080566565195715 mins
Iteration  26 :
neighborhood: 0
neighborhood: 1
neighborhood: 2
neighborhood: 8
neighborhood: 10
neighborhood: 16
neighborhood: 17
neighborhood: 18
reward in this iteration is  795.6009615384614
This iteration costs  6.065940618515015 mins
Iteration  27 :
neighborhood: 27
neighborhood: 28
neighborhood: 29
neighborhood: 35
neighborhood: 37
neighborhood: 43
neighborhood: 44
neighborhood: 45
reward in this iteration is  750.2235576923076
This iteration costs  6.379877777894338 mins
Iteration  28 :
neighborhood: 51
neighborhood: 52
neighborhood: 53
neighborhood: 59
neighborhood: 61
reward in this iteration is  836.4687499999999
This iteration costs  4.0072094639142355 mins
Iteration  29 :
neighborhood: 10
neighborhood: 11
neighborhood: 12
neighborhood: 18
neighborhood: 20
neighborhood: 26
neighborhood: 27
neighborhood: 28
reward in this iteration is  737.9399038461538
This iteration costs  6.172531390190125 mins
write result
Iteration  30 :
neighborhood: 21
neighborhood: 22
neighborhood: 23
neighborhood: 29
neighborhood: 31
neighborhood: 37
neighborhood: 38
neighborhood: 39
reward in this iteration is  770.78125
This iteration costs  6.499206411838531 mins
Iteration  31 :
neighborhood: 8
neighborhood: 9
neighborhood: 10
neighborhood: 16
neighborhood: 18
neighborhood: 24
neighborhood: 25
neighborhood: 26
reward in this iteration is  776.6346153846152
This iteration costs  6.665087906519572 mins
Iteration  32 :
neighborhood: 29
neighborhood: 30
neighborhood: 31
neighborhood: 37
neighborhood: 39
neighborhood: 45
neighborhood: 46
neighborhood: 47
reward in this iteration is  832.1177884615383
This iteration costs  6.788097278277079 mins
Iteration  33 :
neighborhood: 12
neighborhood: 13
neighborhood: 14
neighborhood: 20
neighborhood: 22
neighborhood: 28
neighborhood: 29
neighborhood: 30
reward in this iteration is  863.639423076923
This iteration costs  6.935971029599508 mins
Iteration  34 :
neighborhood: 2
neighborhood: 3
neighborhood: 4
neighborhood: 10
neighborhood: 12
neighborhood: 18
neighborhood: 19
neighborhood: 20
reward in this iteration is  814.1418269230769
This iteration costs  6.666730193297068 mins
Iteration  35 :
neighborhood: 1
neighborhood: 2
neighborhood: 3
neighborhood: 9
neighborhood: 11
neighborhood: 17
neighborhood: 18
neighborhood: 19
reward in this iteration is  829.8485576923076
This iteration costs  6.589792589346568 mins
Iteration  36 :
neighborhood: 19
neighborhood: 20
neighborhood: 21
neighborhood: 27
neighborhood: 29
neighborhood: 35
neighborhood: 36
neighborhood: 37
reward in this iteration is  843.8052884615383
This iteration costs  6.882719373703003 mins
Iteration  37 :
neighborhood: 24
neighborhood: 25
neighborhood: 26
neighborhood: 32
neighborhood: 34
neighborhood: 40
neighborhood: 41
neighborhood: 42
reward in this iteration is  775.5745192307692
This iteration costs  6.997605013847351 mins
Iteration  38 :
neighborhood: 19
neighborhood: 20
neighborhood: 21
neighborhood: 27
neighborhood: 29
neighborhood: 35
neighborhood: 36
neighborhood: 37
reward in this iteration is  755.5408653846152
This iteration costs  7.196119046211242 mins
Iteration  39 :
neighborhood: 45
neighborhood: 46
neighborhood: 47
neighborhood: 53
neighborhood: 55
neighborhood: 61
neighborhood: 62
neighborhood: 63
reward in this iteration is  758.3701923076922
This iteration costs  7.071023535728455 mins
write result
Iteration  40 :
neighborhood: 8
neighborhood: 9
neighborhood: 17
neighborhood: 24
neighborhood: 25
reward in this iteration is  775.8028846153845
This iteration costs  4.3451969464619955 mins
Iteration  41 :
neighborhood: 24
neighborhood: 25
neighborhood: 26
neighborhood: 32
neighborhood: 34
neighborhood: 40
neighborhood: 41
neighborhood: 42
reward in this iteration is  769.3774038461538
This iteration costs  7.075891737143198 mins
Iteration  42 :
neighborhood: 34
neighborhood: 35
neighborhood: 36
neighborhood: 42
neighborhood: 44
neighborhood: 50
neighborhood: 51
neighborhood: 52
reward in this iteration is  752.6346153846152
This iteration costs  6.314192108313242 mins
Iteration  43 :
neighborhood: 9
neighborhood: 10
neighborhood: 11
neighborhood: 17
neighborhood: 19
neighborhood: 25
neighborhood: 26
neighborhood: 27
reward in this iteration is  668.5480769230769
This iteration costs  6.365496917565664 mins
Iteration  44 :
neighborhood: 42
neighborhood: 43
neighborhood: 44
neighborhood: 50
neighborhood: 52
neighborhood: 58
neighborhood: 59
neighborhood: 60
reward in this iteration is  712.2764423076922
This iteration costs  6.3862518231074015 mins
Iteration  45 :
neighborhood: 32
neighborhood: 33
neighborhood: 41
neighborhood: 48
neighborhood: 49
reward in this iteration is  782.6442307692307
This iteration costs  3.974072066942851 mins
Iteration  46 :
neighborhood: 42
neighborhood: 43
neighborhood: 44
neighborhood: 50
neighborhood: 52
neighborhood: 58
neighborhood: 59
neighborhood: 60
reward in this iteration is  791.6466346153845
This iteration costs  6.4250586112340295 mins
Iteration  47 :
neighborhood: 43
neighborhood: 44
neighborhood: 45
neighborhood: 51
neighborhood: 53
neighborhood: 59
neighborhood: 60
neighborhood: 61
reward in this iteration is  697.9615384615383
This iteration costs  6.549844725926717 mins
Iteration  48 :
neighborhood: 29
neighborhood: 30
neighborhood: 31
neighborhood: 37
neighborhood: 39
neighborhood: 45
neighborhood: 46
neighborhood: 47
reward in this iteration is  707.2379807692307
This iteration costs  6.757258955637614 mins
Iteration  49 :
neighborhood: 17
neighborhood: 18
neighborhood: 19
neighborhood: 25
neighborhood: 27
neighborhood: 33
neighborhood: 34
neighborhood: 35
reward in this iteration is  763.5408653846152
This iteration costs  8.523252578576406 mins
write result
Iteration  50 :
neighborhood: 17
neighborhood: 18
neighborhood: 19
neighborhood: 25
neighborhood: 27
neighborhood: 33
neighborhood: 34
neighborhood: 35
reward in this iteration is  716.6129807692307
This iteration costs  11.307315103212993 mins
Iteration  51 :
neighborhood: 26
neighborhood: 27
neighborhood: 28
neighborhood: 34
neighborhood: 36
neighborhood: 42
neighborhood: 43
neighborhood: 44
reward in this iteration is  705.7932692307692
This iteration costs  11.862683204809825 mins
Iteration  52 :
neighborhood: 0
neighborhood: 1
neighborhood: 9
neighborhood: 16
neighborhood: 17
reward in this iteration is  741.701923076923
This iteration costs  6.814004850387573 mins
Iteration  53 :
neighborhood: 2
neighborhood: 3
neighborhood: 4
neighborhood: 10
neighborhood: 12
neighborhood: 18
neighborhood: 19
neighborhood: 20
reward in this iteration is  721.2884615384614
This iteration costs  10.53925697406133 mins
Iteration  54 :
neighborhood: 19
neighborhood: 20
neighborhood: 21
neighborhood: 27
neighborhood: 29
neighborhood: 35
neighborhood: 36
neighborhood: 37
reward in this iteration is  699.15625
This iteration costs  10.467762911319733 mins
Iteration  55 :
neighborhood: 54
neighborhood: 55
neighborhood: 62
reward in this iteration is  724.3605769230769
This iteration costs  3.895318265755971 mins
Iteration  56 :
neighborhood: 1
neighborhood: 2
neighborhood: 3
neighborhood: 9
neighborhood: 11
neighborhood: 17
neighborhood: 18
neighborhood: 19
reward in this iteration is  681.8990384615383
This iteration costs  10.27651360432307 mins
Iteration  57 :
neighborhood: 41
neighborhood: 42
neighborhood: 43
neighborhood: 49
neighborhood: 51
neighborhood: 57
neighborhood: 58
neighborhood: 59
reward in this iteration is  640.4038461538461
This iteration costs  10.690871369838714 mins
Iteration  58 :
neighborhood: 52
neighborhood: 53
neighborhood: 54
neighborhood: 60
neighborhood: 62
reward in this iteration is  671.4399038461538
This iteration costs  6.610421542326609 mins
Iteration  59 :
neighborhood: 17
neighborhood: 18
neighborhood: 19
neighborhood: 25
neighborhood: 27
neighborhood: 33
neighborhood: 34
neighborhood: 35
reward in this iteration is  681.4471153846152
This iteration costs  10.452079689502716 mins
write result
Iteration  60 :
neighborhood: 16
neighborhood: 17
neighborhood: 18
neighborhood: 24
neighborhood: 26
neighborhood: 32
neighborhood: 33
neighborhood: 34
reward in this iteration is  635.0913461538461
This iteration costs  10.52892332871755 mins
Iteration  61 :
neighborhood: 45
neighborhood: 46
neighborhood: 47
neighborhood: 53
neighborhood: 55
neighborhood: 61
neighborhood: 62
neighborhood: 63
reward in this iteration is  661.6754807692307
This iteration costs  11.202755284309386 mins
Iteration  62 :
neighborhood: 51
neighborhood: 52
neighborhood: 53
neighborhood: 59
neighborhood: 61
reward in this iteration is  682.8365384615383
This iteration costs  6.865442792574565 mins
Iteration  63 :
neighborhood: 50
neighborhood: 51
neighborhood: 52
neighborhood: 58
neighborhood: 60
reward in this iteration is  627.951923076923
This iteration costs  6.706100928783417 mins
Iteration  64 :
neighborhood: 21
neighborhood: 22
neighborhood: 23
neighborhood: 29
neighborhood: 31
neighborhood: 37
neighborhood: 38
neighborhood: 39
reward in this iteration is  710.7067307692307
This iteration costs  10.83508510986964 mins
Iteration  65 :
neighborhood: 16
neighborhood: 17
neighborhood: 25
neighborhood: 32
neighborhood: 33
reward in this iteration is  688.4110576923076
This iteration costs  7.020465064048767 mins
Iteration  66 :
neighborhood: 25
neighborhood: 26
neighborhood: 27
neighborhood: 33
neighborhood: 35
neighborhood: 41
neighborhood: 42
neighborhood: 43
reward in this iteration is  685.6971153846152
This iteration costs  11.589189859231313 mins
Iteration  67 :
neighborhood: 27
neighborhood: 28
neighborhood: 29
neighborhood: 35
neighborhood: 37
neighborhood: 43
neighborhood: 44
neighborhood: 45
reward in this iteration is  659.9374999999999
This iteration costs  11.481287388006846 mins
Iteration  68 :
neighborhood: 33
neighborhood: 34
neighborhood: 35
neighborhood: 41
neighborhood: 43
neighborhood: 49
neighborhood: 50
neighborhood: 51
reward in this iteration is  657.7980769230769
This iteration costs  11.97236372232437 mins
Iteration  69 :
neighborhood: 34
neighborhood: 35
neighborhood: 36
neighborhood: 42
neighborhood: 44
neighborhood: 50
neighborhood: 51
neighborhood: 52
reward in this iteration is  701.2620192307692
This iteration costs  11.882358960310619 mins
write result
Iteration  70 :
neighborhood: 42
neighborhood: 43
neighborhood: 44
neighborhood: 50
neighborhood: 52
neighborhood: 58
neighborhood: 59
neighborhood: 60
reward in this iteration is  676.5288461538461
This iteration costs  11.909398106733958 mins
Iteration  71 :
neighborhood: 22
neighborhood: 23
neighborhood: 30
neighborhood: 38
neighborhood: 39
reward in this iteration is  650.6514423076923
This iteration costs  7.6278038144111635 mins
Iteration  72 :
neighborhood: 50
neighborhood: 51
neighborhood: 52
neighborhood: 58
neighborhood: 60
reward in this iteration is  690.980769230769
This iteration costs  7.355062671502432 mins
Iteration  73 :
neighborhood: 9
neighborhood: 10
neighborhood: 11
neighborhood: 17
neighborhood: 19
neighborhood: 25
neighborhood: 26
neighborhood: 27
reward in this iteration is  696.6923076923076
This iteration costs  11.851913607120514 mins
Iteration  74 :
neighborhood: 37
neighborhood: 38
neighborhood: 39
neighborhood: 45
neighborhood: 47
neighborhood: 53
neighborhood: 54
neighborhood: 55
reward in this iteration is  703.5504807692307
This iteration costs  11.746329736709594 mins
Iteration  75 :
neighborhood: 43
neighborhood: 44
neighborhood: 45
neighborhood: 51
neighborhood: 53
neighborhood: 59
neighborhood: 60
neighborhood: 61
reward in this iteration is  647.4591346153845
This iteration costs  11.763688866297404 mins
Iteration  76 :
neighborhood: 36
neighborhood: 37
neighborhood: 38
neighborhood: 44
neighborhood: 46
neighborhood: 52
neighborhood: 53
neighborhood: 54
reward in this iteration is  651.3100961538461
This iteration costs  11.36895809173584 mins
Iteration  77 :
neighborhood: 29
neighborhood: 30
neighborhood: 31
neighborhood: 37
neighborhood: 39
neighborhood: 45
neighborhood: 46
neighborhood: 47
reward in this iteration is  646.3100961538461
This iteration costs  11.478312830130259 mins
Iteration  78 :
neighborhood: 8
neighborhood: 9
neighborhood: 10
neighborhood: 16
neighborhood: 18
neighborhood: 24
neighborhood: 25
neighborhood: 26
reward in this iteration is  646.295673076923
This iteration costs  11.534657764434815 mins
Iteration  79 :
neighborhood: 36
neighborhood: 37
neighborhood: 38
neighborhood: 44
neighborhood: 46
neighborhood: 52
neighborhood: 53
neighborhood: 54
reward in this iteration is  637.7283653846152
This iteration costs  11.645376519362133 mins
write result
Iteration  80 :
neighborhood: 12
neighborhood: 13
neighborhood: 14
neighborhood: 20
neighborhood: 22
neighborhood: 28
neighborhood: 29
neighborhood: 30
reward in this iteration is  654.8701923076923
This iteration costs  10.873292283217113 mins
Iteration  81 :
neighborhood: 22
neighborhood: 23
neighborhood: 30
neighborhood: 38
neighborhood: 39
reward in this iteration is  615.5961538461538
This iteration costs  6.8298002560933435 mins
Iteration  82 :
neighborhood: 27
neighborhood: 28
neighborhood: 29
neighborhood: 35
neighborhood: 37
neighborhood: 43
neighborhood: 44
neighborhood: 45
reward in this iteration is  618.4663461538461
This iteration costs  10.706377092997233 mins
Iteration  83 :
neighborhood: 21
neighborhood: 22
neighborhood: 23
neighborhood: 29
neighborhood: 31
neighborhood: 37
neighborhood: 38
neighborhood: 39
reward in this iteration is  617.8822115384614
This iteration costs  9.347362593809764 mins
Iteration  84 :
neighborhood: 36
neighborhood: 37
neighborhood: 38
neighborhood: 44
neighborhood: 46
neighborhood: 52
neighborhood: 53
neighborhood: 54
reward in this iteration is  605.8774038461538
This iteration costs  6.781258944670359 mins
Iteration  85 :
neighborhood: 14
neighborhood: 15
neighborhood: 22
neighborhood: 30
neighborhood: 31
reward in this iteration is  605.8774038461538
This iteration costs  4.2002914865811665 mins
Iteration  86 :
neighborhood: 50
neighborhood: 51
neighborhood: 52
neighborhood: 58
neighborhood: 60
reward in this iteration is  593.8629807692307
This iteration costs  4.244015447298685 mins
Iteration  87 :
neighborhood: 50
neighborhood: 51
neighborhood: 52
neighborhood: 58
neighborhood: 60
reward in this iteration is  574.2860576923076
This iteration costs  4.412447810173035 mins
Iteration  88 :
neighborhood: 37
neighborhood: 38
neighborhood: 39
neighborhood: 45
neighborhood: 47
neighborhood: 53
neighborhood: 54
neighborhood: 55
reward in this iteration is  568.2956730769231
This iteration costs  6.9320366700490315 mins
Iteration  89 :
neighborhood: 17
neighborhood: 18
neighborhood: 19
neighborhood: 25
neighborhood: 27
neighborhood: 33
neighborhood: 34
neighborhood: 35
reward in this iteration is  596.6298076923076
This iteration costs  6.971593499183655 mins
write result
Iteration  90 :
neighborhood: 9
neighborhood: 10
neighborhood: 11
neighborhood: 17
neighborhood: 19
neighborhood: 25
neighborhood: 26
neighborhood: 27
reward in this iteration is  576.8966346153845
This iteration costs  7.27815625667572 mins
Iteration  91 :
neighborhood: 19
neighborhood: 20
neighborhood: 21
neighborhood: 27
neighborhood: 29
neighborhood: 35
neighborhood: 36
neighborhood: 37
reward in this iteration is  588.8894230769231
This iteration costs  7.276863773663838 mins
Iteration  92 :
neighborhood: 21
neighborhood: 22
neighborhood: 23
neighborhood: 29
neighborhood: 31
neighborhood: 37
neighborhood: 38
neighborhood: 39
reward in this iteration is  632.0288461538461
This iteration costs  6.953070322672526 mins
Iteration  93 :
neighborhood: 43
neighborhood: 44
neighborhood: 45
neighborhood: 51
neighborhood: 53
neighborhood: 59
neighborhood: 60
neighborhood: 61
reward in this iteration is  617.5817307692307
This iteration costs  6.649198563893636 mins
Iteration  94 :
neighborhood: 30
neighborhood: 31
neighborhood: 38
neighborhood: 46
neighborhood: 47
reward in this iteration is  622.7259615384614
This iteration costs  4.196755826473236 mins
Iteration  95 :
neighborhood: 42
neighborhood: 43
neighborhood: 44
neighborhood: 50
neighborhood: 52
neighborhood: 58
neighborhood: 59
neighborhood: 60
reward in this iteration is  630.8677884615383
This iteration costs  6.746929506460826 mins
Iteration  96 :
neighborhood: 13
neighborhood: 14
neighborhood: 15
neighborhood: 21
neighborhood: 23
neighborhood: 29
neighborhood: 30
neighborhood: 31
reward in this iteration is  599.7091346153845
This iteration costs  6.867153358459473 mins
Iteration  97 :
neighborhood: 4
neighborhood: 5
neighborhood: 6
neighborhood: 12
neighborhood: 14
neighborhood: 20
neighborhood: 21
neighborhood: 22
reward in this iteration is  624.5769230769231
This iteration costs  6.862570401032766 mins
Iteration  98 :
neighborhood: 8
neighborhood: 9
neighborhood: 17
neighborhood: 24
neighborhood: 25
reward in this iteration is  637.4278846153845
This iteration costs  4.371694707870484 mins
Iteration  99 :
neighborhood: 9
neighborhood: 10
neighborhood: 11
neighborhood: 17
neighborhood: 19
neighborhood: 25
neighborhood: 26
neighborhood: 27
reward in this iteration is  671.3413461538461
This iteration costs  6.963923192024231 mins
write result
Iteration  100 :
neighborhood: 51
neighborhood: 52
neighborhood: 53
neighborhood: 59
neighborhood: 61
reward in this iteration is  647.1754807692307
This iteration costs  4.245226514339447 mins
Iteration  101 :
neighborhood: 42
neighborhood: 43
neighborhood: 44
neighborhood: 50
neighborhood: 52
neighborhood: 58
neighborhood: 59
neighborhood: 60
reward in this iteration is  684.6153846153845
This iteration costs  6.608847427368164 mins
Iteration  102 :
neighborhood: 28
neighborhood: 29
neighborhood: 30
neighborhood: 36
neighborhood: 38
neighborhood: 44
neighborhood: 45
neighborhood: 46
reward in this iteration is  632.983173076923
This iteration costs  6.078029799461365 mins
Iteration  103 :
neighborhood: 17
neighborhood: 18
neighborhood: 19
neighborhood: 25
neighborhood: 27
neighborhood: 33
neighborhood: 34
neighborhood: 35
reward in this iteration is  674.0216346153845
This iteration costs  6.2155152559280396 mins
Iteration  104 :
neighborhood: 25
neighborhood: 26
neighborhood: 27
neighborhood: 33
neighborhood: 35
neighborhood: 41
neighborhood: 42
neighborhood: 43
reward in this iteration is  682.8653846153845
This iteration costs  6.169097077846527 mins
Iteration  105 :
neighborhood: 11
neighborhood: 12
neighborhood: 13
neighborhood: 19
neighborhood: 21
neighborhood: 27
neighborhood: 28
neighborhood: 29
reward in this iteration is  699.2980769230769
This iteration costs  6.175497774283091 mins
Iteration  106 :
neighborhood: 50
neighborhood: 51
neighborhood: 52
neighborhood: 58
neighborhood: 60
reward in this iteration is  688.983173076923
This iteration costs  4.008626822630564 mins
Iteration  107 :
neighborhood: 17
neighborhood: 18
neighborhood: 19
neighborhood: 25
neighborhood: 27
neighborhood: 33
neighborhood: 34
neighborhood: 35
reward in this iteration is  739.8509615384614
This iteration costs  6.515134541193644 mins
Iteration  108 :
neighborhood: 16
neighborhood: 17
neighborhood: 18
neighborhood: 24
neighborhood: 26
neighborhood: 32
neighborhood: 33
neighborhood: 34
reward in this iteration is  713.1009615384614
This iteration costs  6.786506100495656 mins
Iteration  109 :
neighborhood: 8
neighborhood: 9
neighborhood: 10
neighborhood: 16
neighborhood: 18
neighborhood: 24
neighborhood: 25
neighborhood: 26
reward in this iteration is  750.2836538461538
This iteration costs  6.586358761787414 mins
write result
Iteration  110 :
neighborhood: 41
neighborhood: 42
neighborhood: 43
neighborhood: 49
neighborhood: 51
neighborhood: 57
neighborhood: 58
neighborhood: 59
reward in this iteration is  716.1057692307692
This iteration costs  7.635132853190104 mins
Iteration  111 :
neighborhood: 19
neighborhood: 20
neighborhood: 21
neighborhood: 27
neighborhood: 29
neighborhood: 35
neighborhood: 36
neighborhood: 37
reward in this iteration is  727.4038461538461
This iteration costs  6.858658464749654 mins
Iteration  112 :
neighborhood: 18
neighborhood: 19
neighborhood: 20
neighborhood: 26
neighborhood: 28
neighborhood: 34
neighborhood: 35
neighborhood: 36
reward in this iteration is  715.6538461538461
This iteration costs  6.086378268400828 mins
Iteration  113 :
neighborhood: 5
neighborhood: 6
neighborhood: 7
neighborhood: 13
neighborhood: 15
neighborhood: 21
neighborhood: 22
neighborhood: 23
reward in this iteration is  723.9591346153845
This iteration costs  5.961130066712697 mins
Iteration  114 :
neighborhood: 5
neighborhood: 7
neighborhood: 13
neighborhood: 14
neighborhood: 15
reward in this iteration is  714.2235576923076
This iteration costs  3.6070024490356447 mins
Iteration  115 :
neighborhood: 16
neighborhood: 17
neighborhood: 18
neighborhood: 24
neighborhood: 26
neighborhood: 32
neighborhood: 33
neighborhood: 34
reward in this iteration is  682.2235576923076
This iteration costs  5.622806111971538 mins
Iteration  116 :
neighborhood: 17
neighborhood: 18
neighborhood: 19
neighborhood: 25
neighborhood: 27
neighborhood: 33
neighborhood: 34
neighborhood: 35
reward in this iteration is  663.3653846153845
This iteration costs  5.598014811674754 mins
Iteration  117 :
neighborhood: 44
neighborhood: 45
neighborhood: 46
neighborhood: 52
neighborhood: 54
neighborhood: 60
neighborhood: 61
neighborhood: 62
reward in this iteration is  648.5072115384614
This iteration costs  5.675142975648244 mins
Iteration  118 :
neighborhood: 32
neighborhood: 33
neighborhood: 34
neighborhood: 40
neighborhood: 42
neighborhood: 48
neighborhood: 49
neighborhood: 50
reward in this iteration is  622.764423076923
This iteration costs  5.77926412820816 mins
Iteration  119 :
neighborhood: 4
neighborhood: 5
neighborhood: 6
neighborhood: 12
neighborhood: 14
neighborhood: 20
neighborhood: 21
neighborhood: 22
reward in this iteration is  641.5120192307692
This iteration costs  5.741410156091054 mins
write result
Iteration  120 :
neighborhood: 12
neighborhood: 13
neighborhood: 14
neighborhood: 20
neighborhood: 22
neighborhood: 28
neighborhood: 29
neighborhood: 30
reward in this iteration is  603.920673076923
This iteration costs  5.9932957212130225 mins
Iteration  121 :
neighborhood: 26
neighborhood: 27
neighborhood: 28
neighborhood: 34
neighborhood: 36
neighborhood: 42
neighborhood: 43
neighborhood: 44
reward in this iteration is  632.8341346153845
This iteration costs  6.259306065241495 mins
Iteration  122 :
neighborhood: 5
neighborhood: 6
neighborhood: 7
neighborhood: 13
neighborhood: 15
neighborhood: 21
neighborhood: 22
neighborhood: 23
reward in this iteration is  622.3822115384614
This iteration costs  6.263559937477112 mins
Iteration  123 :
neighborhood: 24
neighborhood: 25
neighborhood: 26
neighborhood: 32
neighborhood: 34
neighborhood: 40
neighborhood: 41
neighborhood: 42
reward in this iteration is  637.983173076923
This iteration costs  6.251413476467133 mins
Iteration  124 :
neighborhood: 33
neighborhood: 34
neighborhood: 35
neighborhood: 41
neighborhood: 43
neighborhood: 49
neighborhood: 50
neighborhood: 51
reward in this iteration is  658.389423076923
This iteration costs  6.318903493881225 mins
Iteration  125 :
neighborhood: 16
neighborhood: 17
neighborhood: 25
neighborhood: 32
neighborhood: 33
reward in this iteration is  662.5384615384614
This iteration costs  5.265274508794149 mins
Iteration  126 :
neighborhood: 22
neighborhood: 23
neighborhood: 30
neighborhood: 38
neighborhood: 39
reward in this iteration is  631.3629807692307
This iteration costs  6.264057771364848 mins
Iteration  127 :
neighborhood: 8
neighborhood: 9
neighborhood: 17
neighborhood: 24
neighborhood: 25
reward in this iteration is  638.3677884615385
This iteration costs  6.849306142330169 mins
Iteration  128 :
neighborhood: 32
neighborhood: 33
neighborhood: 41
neighborhood: 48
neighborhood: 49
reward in this iteration is  665.0985576923076
This iteration costs  7.006547741095225 mins
Iteration  129 :
neighborhood: 40
neighborhood: 41
neighborhood: 42
neighborhood: 48
neighborhood: 50
neighborhood: 56
neighborhood: 57
neighborhood: 58
reward in this iteration is  633.4927884615383
This iteration costs  11.304736276467642 mins
write result
Iteration  130 :
neighborhood: 8
neighborhood: 9
neighborhood: 17
neighborhood: 24
neighborhood: 25
reward in this iteration is  687.1370192307692
This iteration costs  6.844366335868836 mins
Iteration  131 :
neighborhood: 26
neighborhood: 27
neighborhood: 28
neighborhood: 34
neighborhood: 36
neighborhood: 42
neighborhood: 43
neighborhood: 44
reward in this iteration is  666.9447115384614
This iteration costs  11.128180674711864 mins
Iteration  132 :
neighborhood: 27
neighborhood: 28
neighborhood: 29
neighborhood: 35
neighborhood: 37
neighborhood: 43
neighborhood: 44
neighborhood: 45
reward in this iteration is  687.1370192307692
This iteration costs  11.308210361003876 mins
Iteration  133 :
neighborhood: 53
neighborhood: 54
neighborhood: 55
neighborhood: 61
neighborhood: 63
reward in this iteration is  638.4903846153845
This iteration costs  6.918275105953216 mins
Iteration  134 :
neighborhood: 30
neighborhood: 31
neighborhood: 38
neighborhood: 46
neighborhood: 47
reward in this iteration is  640.4903846153845
This iteration costs  6.915599083900451 mins
Iteration  135 :
neighborhood: 37
neighborhood: 38
neighborhood: 39
neighborhood: 45
neighborhood: 47
neighborhood: 53
neighborhood: 54
neighborhood: 55
reward in this iteration is  638.4903846153845
This iteration costs  11.327009248733521 mins
Iteration  136 :
neighborhood: 4
neighborhood: 5
neighborhood: 6
neighborhood: 12
neighborhood: 14
neighborhood: 20
neighborhood: 21
neighborhood: 22
reward in this iteration is  629.2091346153845
This iteration costs  12.249123525619506 mins
Iteration  137 :
neighborhood: 5
neighborhood: 6
neighborhood: 7
neighborhood: 13
neighborhood: 15
neighborhood: 21
neighborhood: 22
neighborhood: 23
reward in this iteration is  630.0649038461538
This iteration costs  12.97760591506958 mins
Iteration  138 :
neighborhood: 27
neighborhood: 28
neighborhood: 29
neighborhood: 35
neighborhood: 37
neighborhood: 43
neighborhood: 44
neighborhood: 45
reward in this iteration is  688.608173076923
This iteration costs  13.35373926560084 mins
Iteration  139 :
neighborhood: 1
neighborhood: 2
neighborhood: 3
neighborhood: 9
neighborhood: 11
neighborhood: 17
neighborhood: 18
neighborhood: 19
reward in this iteration is  696.7379807692307
This iteration costs  12.261949757734934 mins
write result
Iteration  140 :
neighborhood: 4
neighborhood: 5
neighborhood: 6
neighborhood: 12
neighborhood: 14
neighborhood: 20
neighborhood: 21
neighborhood: 22
reward in this iteration is  727.3197115384614
This iteration costs  12.546545080343883 mins
Iteration  141 :
neighborhood: 35
neighborhood: 36
neighborhood: 37
neighborhood: 43
neighborhood: 45
neighborhood: 51
neighborhood: 52
neighborhood: 53
reward in this iteration is  711.7307692307692
This iteration costs  11.915578202406566 mins
Iteration  142 :
neighborhood: 0
neighborhood: 1
neighborhood: 9
neighborhood: 16
neighborhood: 17
reward in this iteration is  723.605769230769
This iteration costs  7.4361341436704 mins
Iteration  143 :
neighborhood: 36
neighborhood: 37
neighborhood: 38
neighborhood: 44
neighborhood: 46
neighborhood: 52
neighborhood: 53
neighborhood: 54
reward in this iteration is  719.3221153846152
This iteration costs  11.864446731408437 mins
Iteration  144 :
neighborhood: 19
neighborhood: 20
neighborhood: 21
neighborhood: 27
neighborhood: 29
neighborhood: 35
neighborhood: 36
neighborhood: 37
reward in this iteration is  729.3173076923076
This iteration costs  12.27803243001302 mins
Iteration  145 :
neighborhood: 28
neighborhood: 29
neighborhood: 30
neighborhood: 36
neighborhood: 38
neighborhood: 44
neighborhood: 45
neighborhood: 46
reward in this iteration is  720.7499999999999
This iteration costs  12.830662727355957 mins
Iteration  146 :
neighborhood: 44
neighborhood: 45
neighborhood: 46
neighborhood: 52
neighborhood: 54
neighborhood: 60
neighborhood: 61
neighborhood: 62
reward in this iteration is  722.1778846153845
This iteration costs  12.720148018995921 mins
Iteration  147 :
neighborhood: 29
neighborhood: 30
neighborhood: 31
neighborhood: 37
neighborhood: 39
neighborhood: 45
neighborhood: 46
neighborhood: 47
reward in this iteration is  751.1730769230769
This iteration costs  13.004051792621613 mins
Iteration  148 :
neighborhood: 8
neighborhood: 9
neighborhood: 17
neighborhood: 24
neighborhood: 25
reward in this iteration is  734.8822115384614
This iteration costs  8.074986946582793 mins
Iteration  149 :
neighborhood: 0
neighborhood: 1
neighborhood: 2
neighborhood: 8
neighborhood: 10
neighborhood: 16
neighborhood: 17
neighborhood: 18
reward in this iteration is  740.5937499999999
This iteration costs  12.539036067326863 mins
write result
It costs  1326.9575038313865 mins
Best reward= 568.2956730769231
done
